[0.019s] Invoking command in '/home/fred/mobile_robotics/assignments/assignment2/build/turtlebot3_cartographer': CMAKE_PREFIX_PATH=${CMAKE_PREFIX_PATH}:/home/fred/turtlebot3_ws/install/turtlebot3_teleop:/home/fred/turtlebot3_ws/install/turtlebot3_example:/opt/ros/humble /usr/bin/cmake /home/fred/mobile_robotics/assignments/assignment2/src/turtlebot3/turtlebot3_cartographer -DAMENT_CMAKE_SYMLINK_INSTALL=1 -DCMAKE_INSTALL_PREFIX=/home/fred/mobile_robotics/assignments/assignment2/install/turtlebot3_cartographer
[0.177s] -- The C compiler identification is GNU 11.4.0
[0.252s] -- The CXX compiler identification is GNU 11.4.0
[0.260s] -- Detecting C compiler ABI info
[0.315s] -- Detecting C compiler ABI info - done
[0.318s] -- Check for working C compiler: /usr/bin/cc - skipped
[0.318s] -- Detecting C compile features
[0.319s] -- Detecting C compile features - done
[0.321s] -- Detecting CXX compiler ABI info
[0.374s] -- Detecting CXX compiler ABI info - done
[0.377s] -- Check for working CXX compiler: /usr/bin/c++ - skipped
[0.378s] -- Detecting CXX compile features
[0.378s] -- Detecting CXX compile features - done
[0.384s] -- Found ament_cmake: 1.3.13 (/opt/ros/humble/share/ament_cmake/cmake)
[0.476s] -- Found Python3: /usr/bin/python3 (found version "3.10.12") found components: Interpreter 
[0.516s] -- Override CMake install command with custom implementation using symlinks instead of copying resources
[0.591s] -- Configuring done
[0.593s] -- Generating done
[0.594s] -- Build files have been written to: /home/fred/mobile_robotics/assignments/assignment2/build/turtlebot3_cartographer
[0.597s] Invoked command in '/home/fred/mobile_robotics/assignments/assignment2/build/turtlebot3_cartographer' returned '0': CMAKE_PREFIX_PATH=${CMAKE_PREFIX_PATH}:/home/fred/turtlebot3_ws/install/turtlebot3_teleop:/home/fred/turtlebot3_ws/install/turtlebot3_example:/opt/ros/humble /usr/bin/cmake /home/fred/mobile_robotics/assignments/assignment2/src/turtlebot3/turtlebot3_cartographer -DAMENT_CMAKE_SYMLINK_INSTALL=1 -DCMAKE_INSTALL_PREFIX=/home/fred/mobile_robotics/assignments/assignment2/install/turtlebot3_cartographer
[0.598s] Invoking command in '/home/fred/mobile_robotics/assignments/assignment2/build/turtlebot3_cartographer': CMAKE_PREFIX_PATH=${CMAKE_PREFIX_PATH}:/home/fred/turtlebot3_ws/install/turtlebot3_teleop:/home/fred/turtlebot3_ws/install/turtlebot3_example:/opt/ros/humble /usr/bin/cmake --build /home/fred/mobile_robotics/assignments/assignment2/build/turtlebot3_cartographer -- -j16 -l16
[0.625s] Invoked command in '/home/fred/mobile_robotics/assignments/assignment2/build/turtlebot3_cartographer' returned '0': CMAKE_PREFIX_PATH=${CMAKE_PREFIX_PATH}:/home/fred/turtlebot3_ws/install/turtlebot3_teleop:/home/fred/turtlebot3_ws/install/turtlebot3_example:/opt/ros/humble /usr/bin/cmake --build /home/fred/mobile_robotics/assignments/assignment2/build/turtlebot3_cartographer -- -j16 -l16
[0.632s] Invoking command in '/home/fred/mobile_robotics/assignments/assignment2/build/turtlebot3_cartographer': CMAKE_PREFIX_PATH=${CMAKE_PREFIX_PATH}:/home/fred/turtlebot3_ws/install/turtlebot3_teleop:/home/fred/turtlebot3_ws/install/turtlebot3_example:/opt/ros/humble /usr/bin/cmake --install /home/fred/mobile_robotics/assignments/assignment2/build/turtlebot3_cartographer
[0.637s] -- Install configuration: ""
[0.637s] -- Execute custom install script
[0.638s] -- Symlinking: /home/fred/mobile_robotics/assignments/assignment2/install/turtlebot3_cartographer/share/turtlebot3_cartographer/config/turtlebot3_lds_2d.lua
[0.644s] -- Symlinking: /home/fred/mobile_robotics/assignments/assignment2/install/turtlebot3_cartographer/share/turtlebot3_cartographer/launch/cartographer.launch.py
[0.649s] -- Symlinking: /home/fred/mobile_robotics/assignments/assignment2/install/turtlebot3_cartographer/share/turtlebot3_cartographer/launch/occupancy_grid.launch.py
[0.656s] -- Symlinking: /home/fred/mobile_robotics/assignments/assignment2/install/turtlebot3_cartographer/share/turtlebot3_cartographer/rviz/tb3_cartographer.rviz
[0.661s] -- Symlinking: /home/fred/mobile_robotics/assignments/assignment2/install/turtlebot3_cartographer/share/ament_index/resource_index/package_run_dependencies/turtlebot3_cartographer
[0.667s] -- Symlinking: /home/fred/mobile_robotics/assignments/assignment2/install/turtlebot3_cartographer/share/ament_index/resource_index/parent_prefix_path/turtlebot3_cartographer
[0.672s] -- Symlinking: /home/fred/mobile_robotics/assignments/assignment2/install/turtlebot3_cartographer/share/turtlebot3_cartographer/environment/ament_prefix_path.sh
[0.678s] -- Symlinking: /home/fred/mobile_robotics/assignments/assignment2/install/turtlebot3_cartographer/share/turtlebot3_cartographer/environment/ament_prefix_path.dsv
[0.683s] -- Symlinking: /home/fred/mobile_robotics/assignments/assignment2/install/turtlebot3_cartographer/share/turtlebot3_cartographer/environment/path.sh
[0.689s] -- Symlinking: /home/fred/mobile_robotics/assignments/assignment2/install/turtlebot3_cartographer/share/turtlebot3_cartographer/environment/path.dsv
[0.695s] -- Symlinking: /home/fred/mobile_robotics/assignments/assignment2/install/turtlebot3_cartographer/share/turtlebot3_cartographer/local_setup.bash
[0.701s] -- Symlinking: /home/fred/mobile_robotics/assignments/assignment2/install/turtlebot3_cartographer/share/turtlebot3_cartographer/local_setup.sh
[0.706s] -- Symlinking: /home/fred/mobile_robotics/assignments/assignment2/install/turtlebot3_cartographer/share/turtlebot3_cartographer/local_setup.zsh
[0.712s] -- Symlinking: /home/fred/mobile_robotics/assignments/assignment2/install/turtlebot3_cartographer/share/turtlebot3_cartographer/local_setup.dsv
[0.718s] -- Symlinking: /home/fred/mobile_robotics/assignments/assignment2/install/turtlebot3_cartographer/share/turtlebot3_cartographer/package.dsv
[0.724s] -- Symlinking: /home/fred/mobile_robotics/assignments/assignment2/install/turtlebot3_cartographer/share/ament_index/resource_index/packages/turtlebot3_cartographer
[0.730s] -- Symlinking: /home/fred/mobile_robotics/assignments/assignment2/install/turtlebot3_cartographer/share/turtlebot3_cartographer/cmake/turtlebot3_cartographerConfig.cmake
[0.735s] -- Symlinking: /home/fred/mobile_robotics/assignments/assignment2/install/turtlebot3_cartographer/share/turtlebot3_cartographer/cmake/turtlebot3_cartographerConfig-version.cmake
[0.741s] -- Symlinking: /home/fred/mobile_robotics/assignments/assignment2/install/turtlebot3_cartographer/share/turtlebot3_cartographer/package.xml
[0.748s] Invoked command in '/home/fred/mobile_robotics/assignments/assignment2/build/turtlebot3_cartographer' returned '0': CMAKE_PREFIX_PATH=${CMAKE_PREFIX_PATH}:/home/fred/turtlebot3_ws/install/turtlebot3_teleop:/home/fred/turtlebot3_ws/install/turtlebot3_example:/opt/ros/humble /usr/bin/cmake --install /home/fred/mobile_robotics/assignments/assignment2/build/turtlebot3_cartographer
