[0.062s] DEBUG:colcon:Command line arguments: ['/usr/bin/colcon', 'build']
[0.062s] DEBUG:colcon:Parsed command line arguments: Namespace(log_base=None, log_level=None, verb_name='build', build_base='build', install_base='install', merge_install=False, symlink_install=False, test_result_base=None, continue_on_error=False, executor='parallel', parallel_workers=16, event_handlers=None, ignore_user_meta=False, metas=['./colcon.meta'], base_paths=['.'], packages_ignore=None, packages_ignore_regex=None, paths=None, packages_up_to=None, packages_up_to_regex=None, packages_above=None, packages_above_and_dependencies=None, packages_above_depth=None, packages_select_by_dep=None, packages_skip_by_dep=None, packages_skip_up_to=None, packages_select_build_failed=False, packages_skip_build_finished=False, packages_select_test_failures=False, packages_skip_test_passed=False, packages_select=None, packages_skip=None, packages_select_regex=None, packages_skip_regex=None, packages_start=None, packages_end=None, allow_overriding=[], cmake_args=None, cmake_target=None, cmake_target_skip_unavailable=False, cmake_clean_cache=False, cmake_clean_first=False, cmake_force_configure=False, ament_cmake_args=None, catkin_cmake_args=None, catkin_skip_building_tests=False, mixin_files=None, mixin=None, verb_parser=<colcon_mixin.mixin.mixin_argument.MixinArgumentDecorator object at 0x707539c624a0>, verb_extension=<colcon_core.verb.build.BuildVerb object at 0x707539c61ff0>, main=<bound method BuildVerb.main of <colcon_core.verb.build.BuildVerb object at 0x707539c61ff0>>, mixin_verb=('build',))
[0.155s] Level 1:colcon.colcon_core.package_discovery:discover_packages(colcon_meta) check parameters
[0.155s] Level 1:colcon.colcon_core.package_discovery:discover_packages(recursive) check parameters
[0.155s] Level 1:colcon.colcon_core.package_discovery:discover_packages(ignore) check parameters
[0.155s] Level 1:colcon.colcon_core.package_discovery:discover_packages(path) check parameters
[0.155s] Level 1:colcon.colcon_core.package_discovery:discover_packages(colcon_meta) discover
[0.155s] Level 1:colcon.colcon_core.package_discovery:discover_packages(recursive) discover
[0.155s] INFO:colcon.colcon_core.package_discovery:Crawling recursively for packages in '/home/fred/mobile_robotics/assignments/assignment1'
[0.155s] Level 1:colcon.colcon_core.package_identification:_identify(.) by extensions ['ignore', 'ignore_ament_install']
[0.156s] Level 1:colcon.colcon_core.package_identification:_identify(.) by extension 'ignore'
[0.156s] Level 1:colcon.colcon_core.package_identification:_identify(.) by extension 'ignore_ament_install'
[0.156s] Level 1:colcon.colcon_core.package_identification:_identify(.) by extensions ['colcon_pkg']
[0.156s] Level 1:colcon.colcon_core.package_identification:_identify(.) by extension 'colcon_pkg'
[0.156s] Level 1:colcon.colcon_core.package_identification:_identify(.) by extensions ['colcon_meta']
[0.156s] Level 1:colcon.colcon_core.package_identification:_identify(.) by extension 'colcon_meta'
[0.156s] Level 1:colcon.colcon_core.package_identification:_identify(.) by extensions ['ros']
[0.156s] Level 1:colcon.colcon_core.package_identification:_identify(.) by extension 'ros'
[0.162s] Level 1:colcon.colcon_core.package_identification:_identify(.) by extensions ['cmake', 'python']
[0.162s] Level 1:colcon.colcon_core.package_identification:_identify(.) by extension 'cmake'
[0.162s] Level 1:colcon.colcon_core.package_identification:_identify(.) by extension 'python'
[0.162s] Level 1:colcon.colcon_core.package_identification:_identify(.) by extensions ['python_setup_py']
[0.162s] Level 1:colcon.colcon_core.package_identification:_identify(.) by extension 'python_setup_py'
[0.162s] Level 1:colcon.colcon_core.package_identification:_identify(build) by extensions ['ignore', 'ignore_ament_install']
[0.162s] Level 1:colcon.colcon_core.package_identification:_identify(build) by extension 'ignore'
[0.162s] Level 1:colcon.colcon_core.package_identification:_identify(build) ignored
[0.162s] Level 1:colcon.colcon_core.package_identification:_identify(install) by extensions ['ignore', 'ignore_ament_install']
[0.162s] Level 1:colcon.colcon_core.package_identification:_identify(install) by extension 'ignore'
[0.162s] Level 1:colcon.colcon_core.package_identification:_identify(install) ignored
[0.162s] Level 1:colcon.colcon_core.package_identification:_identify(log) by extensions ['ignore', 'ignore_ament_install']
[0.162s] Level 1:colcon.colcon_core.package_identification:_identify(log) by extension 'ignore'
[0.162s] Level 1:colcon.colcon_core.package_identification:_identify(log) ignored
[0.162s] Level 1:colcon.colcon_core.package_identification:_identify(src) by extensions ['ignore', 'ignore_ament_install']
[0.162s] Level 1:colcon.colcon_core.package_identification:_identify(src) by extension 'ignore'
[0.163s] Level 1:colcon.colcon_core.package_identification:_identify(src) by extension 'ignore_ament_install'
[0.163s] Level 1:colcon.colcon_core.package_identification:_identify(src) by extensions ['colcon_pkg']
[0.163s] Level 1:colcon.colcon_core.package_identification:_identify(src) by extension 'colcon_pkg'
[0.163s] Level 1:colcon.colcon_core.package_identification:_identify(src) by extensions ['colcon_meta']
[0.163s] Level 1:colcon.colcon_core.package_identification:_identify(src) by extension 'colcon_meta'
[0.163s] Level 1:colcon.colcon_core.package_identification:_identify(src) by extensions ['ros']
[0.163s] Level 1:colcon.colcon_core.package_identification:_identify(src) by extension 'ros'
[0.163s] Level 1:colcon.colcon_core.package_identification:_identify(src) by extensions ['cmake', 'python']
[0.163s] Level 1:colcon.colcon_core.package_identification:_identify(src) by extension 'cmake'
[0.163s] Level 1:colcon.colcon_core.package_identification:_identify(src) by extension 'python'
[0.163s] Level 1:colcon.colcon_core.package_identification:_identify(src) by extensions ['python_setup_py']
[0.163s] Level 1:colcon.colcon_core.package_identification:_identify(src) by extension 'python_setup_py'
[0.163s] Level 1:colcon.colcon_core.package_identification:_identify(src/assignment1) by extensions ['ignore', 'ignore_ament_install']
[0.163s] Level 1:colcon.colcon_core.package_identification:_identify(src/assignment1) by extension 'ignore'
[0.163s] Level 1:colcon.colcon_core.package_identification:_identify(src/assignment1) by extension 'ignore_ament_install'
[0.163s] Level 1:colcon.colcon_core.package_identification:_identify(src/assignment1) by extensions ['colcon_pkg']
[0.163s] Level 1:colcon.colcon_core.package_identification:_identify(src/assignment1) by extension 'colcon_pkg'
[0.163s] Level 1:colcon.colcon_core.package_identification:_identify(src/assignment1) by extensions ['colcon_meta']
[0.163s] Level 1:colcon.colcon_core.package_identification:_identify(src/assignment1) by extension 'colcon_meta'
[0.163s] Level 1:colcon.colcon_core.package_identification:_identify(src/assignment1) by extensions ['ros']
[0.163s] Level 1:colcon.colcon_core.package_identification:_identify(src/assignment1) by extension 'ros'
[0.164s] DEBUG:colcon.colcon_core.package_identification:Package 'src/assignment1' with type 'ros.ament_cmake' and name 'assignment1'
[0.164s] Level 1:colcon.colcon_core.package_discovery:discover_packages(recursive) using defaults
[0.164s] Level 1:colcon.colcon_core.package_discovery:discover_packages(ignore) discover
[0.164s] Level 1:colcon.colcon_core.package_discovery:discover_packages(ignore) using defaults
[0.164s] Level 1:colcon.colcon_core.package_discovery:discover_packages(path) discover
[0.164s] Level 1:colcon.colcon_core.package_discovery:discover_packages(path) using defaults
[0.182s] Level 1:colcon.colcon_core.package_discovery:discover_packages(prefix_path) check parameters
[0.182s] Level 1:colcon.colcon_core.package_discovery:discover_packages(prefix_path) discover
[0.183s] DEBUG:colcon.colcon_installed_package_information.package_discovery:Found 323 installed packages in /opt/ros/humble
[0.184s] Level 1:colcon.colcon_core.package_discovery:discover_packages(prefix_path) using defaults
[0.208s] Level 5:colcon.colcon_core.verb:set package 'assignment1' build argument 'cmake_args' from command line to 'None'
[0.208s] Level 5:colcon.colcon_core.verb:set package 'assignment1' build argument 'cmake_target' from command line to 'None'
[0.208s] Level 5:colcon.colcon_core.verb:set package 'assignment1' build argument 'cmake_target_skip_unavailable' from command line to 'False'
[0.208s] Level 5:colcon.colcon_core.verb:set package 'assignment1' build argument 'cmake_clean_cache' from command line to 'False'
[0.208s] Level 5:colcon.colcon_core.verb:set package 'assignment1' build argument 'cmake_clean_first' from command line to 'False'
[0.208s] Level 5:colcon.colcon_core.verb:set package 'assignment1' build argument 'cmake_force_configure' from command line to 'False'
[0.208s] Level 5:colcon.colcon_core.verb:set package 'assignment1' build argument 'ament_cmake_args' from command line to 'None'
[0.208s] Level 5:colcon.colcon_core.verb:set package 'assignment1' build argument 'catkin_cmake_args' from command line to 'None'
[0.208s] Level 5:colcon.colcon_core.verb:set package 'assignment1' build argument 'catkin_skip_building_tests' from command line to 'False'
[0.208s] DEBUG:colcon.colcon_core.verb:Building package 'assignment1' with the following arguments: {'ament_cmake_args': None, 'build_base': '/home/fred/mobile_robotics/assignments/assignment1/build/assignment1', 'catkin_cmake_args': None, 'catkin_skip_building_tests': False, 'cmake_args': None, 'cmake_clean_cache': False, 'cmake_clean_first': False, 'cmake_force_configure': False, 'cmake_target': None, 'cmake_target_skip_unavailable': False, 'install_base': '/home/fred/mobile_robotics/assignments/assignment1/install/assignment1', 'merge_install': False, 'path': '/home/fred/mobile_robotics/assignments/assignment1/src/assignment1', 'symlink_install': False, 'test_result_base': None}
[0.208s] INFO:colcon.colcon_core.executor:Executing jobs using 'parallel' executor
[0.209s] DEBUG:colcon.colcon_parallel_executor.executor.parallel:run_until_complete
[0.209s] INFO:colcon.colcon_ros.task.ament_cmake.build:Building ROS package in '/home/fred/mobile_robotics/assignments/assignment1/src/assignment1' with build type 'ament_cmake'
[0.209s] INFO:colcon.colcon_cmake.task.cmake.build:Building CMake package in '/home/fred/mobile_robotics/assignments/assignment1/src/assignment1'
[0.210s] INFO:colcon.colcon_core.plugin_system:Skipping extension 'colcon_core.shell.bat': Not used on non-Windows systems
[0.210s] INFO:colcon.colcon_core.shell:Skip shell extension 'powershell' for command environment: Not usable outside of PowerShell
[0.210s] DEBUG:colcon.colcon_core.shell:Skip shell extension 'dsv' for command environment
[0.216s] DEBUG:colcon.colcon_core.event_handler.log_command:Invoking command in '/home/fred/mobile_robotics/assignments/assignment1/build/assignment1': CMAKE_PREFIX_PATH=/opt/ros/humble /usr/bin/cmake --build /home/fred/mobile_robotics/assignments/assignment1/build/assignment1 -- -j16 -l16
[0.992s] DEBUG:colcon.colcon_core.event_handler.log_command:Invoked command in '/home/fred/mobile_robotics/assignments/assignment1/build/assignment1' returned '0': CMAKE_PREFIX_PATH=/opt/ros/humble /usr/bin/cmake --build /home/fred/mobile_robotics/assignments/assignment1/build/assignment1 -- -j16 -l16
[0.999s] DEBUG:colcon.colcon_core.event_handler.log_command:Invoking command in '/home/fred/mobile_robotics/assignments/assignment1/build/assignment1': CMAKE_PREFIX_PATH=/opt/ros/humble /usr/bin/cmake --install /home/fred/mobile_robotics/assignments/assignment1/build/assignment1
[1.030s] Level 1:colcon.colcon_core.environment:create_environment_scripts_only(assignment1)
[1.030s] DEBUG:colcon.colcon_core.event_handler.log_command:Invoked command in '/home/fred/mobile_robotics/assignments/assignment1/build/assignment1' returned '0': CMAKE_PREFIX_PATH=/opt/ros/humble /usr/bin/cmake --install /home/fred/mobile_robotics/assignments/assignment1/build/assignment1
[1.031s] Level 1:colcon.colcon_core.environment:checking '/home/fred/mobile_robotics/assignments/assignment1/install/assignment1' for CMake module files
[1.032s] Level 1:colcon.colcon_core.environment:checking '/home/fred/mobile_robotics/assignments/assignment1/install/assignment1' for CMake config files
[1.032s] Level 1:colcon.colcon_core.shell:create_environment_hook('assignment1', 'cmake_prefix_path')
[1.032s] INFO:colcon.colcon_core.shell:Creating environment hook '/home/fred/mobile_robotics/assignments/assignment1/install/assignment1/share/assignment1/hook/cmake_prefix_path.ps1'
[1.033s] INFO:colcon.colcon_core.shell:Creating environment descriptor '/home/fred/mobile_robotics/assignments/assignment1/install/assignment1/share/assignment1/hook/cmake_prefix_path.dsv'
[1.033s] INFO:colcon.colcon_core.shell:Creating environment hook '/home/fred/mobile_robotics/assignments/assignment1/install/assignment1/share/assignment1/hook/cmake_prefix_path.sh'
[1.033s] Level 1:colcon.colcon_core.environment:checking '/home/fred/mobile_robotics/assignments/assignment1/install/assignment1/lib'
[1.033s] Level 1:colcon.colcon_core.shell:create_environment_hook('assignment1', 'ld_library_path_lib')
[1.033s] INFO:colcon.colcon_core.shell:Creating environment hook '/home/fred/mobile_robotics/assignments/assignment1/install/assignment1/share/assignment1/hook/ld_library_path_lib.ps1'
[1.034s] INFO:colcon.colcon_core.shell:Creating environment descriptor '/home/fred/mobile_robotics/assignments/assignment1/install/assignment1/share/assignment1/hook/ld_library_path_lib.dsv'
[1.034s] INFO:colcon.colcon_core.shell:Creating environment hook '/home/fred/mobile_robotics/assignments/assignment1/install/assignment1/share/assignment1/hook/ld_library_path_lib.sh'
[1.034s] Level 1:colcon.colcon_core.environment:checking '/home/fred/mobile_robotics/assignments/assignment1/install/assignment1/bin'
[1.034s] Level 1:colcon.colcon_core.environment:checking '/home/fred/mobile_robotics/assignments/assignment1/install/assignment1/lib/pkgconfig/assignment1.pc'
[1.034s] Level 1:colcon.colcon_core.environment:checking '/home/fred/mobile_robotics/assignments/assignment1/install/assignment1/lib/python3.10/site-packages'
[1.034s] Level 1:colcon.colcon_core.environment:checking '/home/fred/mobile_robotics/assignments/assignment1/install/assignment1/bin'
[1.034s] INFO:colcon.colcon_core.shell:Creating package script '/home/fred/mobile_robotics/assignments/assignment1/install/assignment1/share/assignment1/package.ps1'
[1.035s] INFO:colcon.colcon_core.shell:Creating package descriptor '/home/fred/mobile_robotics/assignments/assignment1/install/assignment1/share/assignment1/package.dsv'
[1.035s] INFO:colcon.colcon_core.shell:Creating package script '/home/fred/mobile_robotics/assignments/assignment1/install/assignment1/share/assignment1/package.sh'
[1.035s] INFO:colcon.colcon_core.shell:Creating package script '/home/fred/mobile_robotics/assignments/assignment1/install/assignment1/share/assignment1/package.bash'
[1.036s] INFO:colcon.colcon_core.shell:Creating package script '/home/fred/mobile_robotics/assignments/assignment1/install/assignment1/share/assignment1/package.zsh'
[1.036s] Level 1:colcon.colcon_core.environment:create_file_with_runtime_dependencies(/home/fred/mobile_robotics/assignments/assignment1/install/assignment1/share/colcon-core/packages/assignment1)
[1.036s] Level 1:colcon.colcon_core.environment:create_environment_scripts_only(assignment1)
[1.036s] Level 1:colcon.colcon_core.environment:checking '/home/fred/mobile_robotics/assignments/assignment1/install/assignment1' for CMake module files
[1.037s] Level 1:colcon.colcon_core.environment:checking '/home/fred/mobile_robotics/assignments/assignment1/install/assignment1' for CMake config files
[1.037s] Level 1:colcon.colcon_core.shell:create_environment_hook('assignment1', 'cmake_prefix_path')
[1.037s] INFO:colcon.colcon_core.shell:Creating environment hook '/home/fred/mobile_robotics/assignments/assignment1/install/assignment1/share/assignment1/hook/cmake_prefix_path.ps1'
[1.037s] INFO:colcon.colcon_core.shell:Creating environment descriptor '/home/fred/mobile_robotics/assignments/assignment1/install/assignment1/share/assignment1/hook/cmake_prefix_path.dsv'
[1.037s] INFO:colcon.colcon_core.shell:Creating environment hook '/home/fred/mobile_robotics/assignments/assignment1/install/assignment1/share/assignment1/hook/cmake_prefix_path.sh'
[1.038s] Level 1:colcon.colcon_core.environment:checking '/home/fred/mobile_robotics/assignments/assignment1/install/assignment1/lib'
[1.038s] Level 1:colcon.colcon_core.shell:create_environment_hook('assignment1', 'ld_library_path_lib')
[1.038s] INFO:colcon.colcon_core.shell:Creating environment hook '/home/fred/mobile_robotics/assignments/assignment1/install/assignment1/share/assignment1/hook/ld_library_path_lib.ps1'
[1.038s] INFO:colcon.colcon_core.shell:Creating environment descriptor '/home/fred/mobile_robotics/assignments/assignment1/install/assignment1/share/assignment1/hook/ld_library_path_lib.dsv'
[1.038s] INFO:colcon.colcon_core.shell:Creating environment hook '/home/fred/mobile_robotics/assignments/assignment1/install/assignment1/share/assignment1/hook/ld_library_path_lib.sh'
[1.038s] Level 1:colcon.colcon_core.environment:checking '/home/fred/mobile_robotics/assignments/assignment1/install/assignment1/bin'
[1.038s] Level 1:colcon.colcon_core.environment:checking '/home/fred/mobile_robotics/assignments/assignment1/install/assignment1/lib/pkgconfig/assignment1.pc'
[1.038s] Level 1:colcon.colcon_core.environment:checking '/home/fred/mobile_robotics/assignments/assignment1/install/assignment1/lib/python3.10/site-packages'
[1.039s] Level 1:colcon.colcon_core.environment:checking '/home/fred/mobile_robotics/assignments/assignment1/install/assignment1/bin'
[1.039s] INFO:colcon.colcon_core.shell:Creating package script '/home/fred/mobile_robotics/assignments/assignment1/install/assignment1/share/assignment1/package.ps1'
[1.039s] INFO:colcon.colcon_core.shell:Creating package descriptor '/home/fred/mobile_robotics/assignments/assignment1/install/assignment1/share/assignment1/package.dsv'
[1.039s] INFO:colcon.colcon_core.shell:Creating package script '/home/fred/mobile_robotics/assignments/assignment1/install/assignment1/share/assignment1/package.sh'
[1.039s] INFO:colcon.colcon_core.shell:Creating package script '/home/fred/mobile_robotics/assignments/assignment1/install/assignment1/share/assignment1/package.bash'
[1.040s] INFO:colcon.colcon_core.shell:Creating package script '/home/fred/mobile_robotics/assignments/assignment1/install/assignment1/share/assignment1/package.zsh'
[1.040s] Level 1:colcon.colcon_core.environment:create_file_with_runtime_dependencies(/home/fred/mobile_robotics/assignments/assignment1/install/assignment1/share/colcon-core/packages/assignment1)
[1.040s] DEBUG:colcon.colcon_parallel_executor.executor.parallel:closing loop
[1.040s] DEBUG:colcon.colcon_parallel_executor.executor.parallel:loop closed
[1.040s] DEBUG:colcon.colcon_parallel_executor.executor.parallel:run_until_complete finished with '0'
[1.040s] DEBUG:colcon.colcon_core.event_reactor:joining thread
[1.043s] INFO:colcon.colcon_core.plugin_system:Skipping extension 'colcon_notification.desktop_notification.terminal_notifier': Not used on non-Darwin systems
[1.043s] INFO:colcon.colcon_core.plugin_system:Skipping extension 'colcon_notification.desktop_notification.win32': Not used on non-Windows systems
[1.043s] INFO:colcon.colcon_notification.desktop_notification:Sending desktop notification using 'notify2'
[1.054s] DEBUG:colcon.colcon_core.event_reactor:joined thread
[1.055s] INFO:colcon.colcon_core.shell:Creating prefix script '/home/fred/mobile_robotics/assignments/assignment1/install/local_setup.ps1'
[1.055s] INFO:colcon.colcon_core.shell:Creating prefix util module '/home/fred/mobile_robotics/assignments/assignment1/install/_local_setup_util_ps1.py'
[1.056s] INFO:colcon.colcon_core.shell:Creating prefix chain script '/home/fred/mobile_robotics/assignments/assignment1/install/setup.ps1'
[1.057s] INFO:colcon.colcon_core.shell:Creating prefix script '/home/fred/mobile_robotics/assignments/assignment1/install/local_setup.sh'
[1.057s] INFO:colcon.colcon_core.shell:Creating prefix util module '/home/fred/mobile_robotics/assignments/assignment1/install/_local_setup_util_sh.py'
[1.058s] INFO:colcon.colcon_core.shell:Creating prefix chain script '/home/fred/mobile_robotics/assignments/assignment1/install/setup.sh'
[1.058s] INFO:colcon.colcon_core.shell:Creating prefix script '/home/fred/mobile_robotics/assignments/assignment1/install/local_setup.bash'
[1.058s] INFO:colcon.colcon_core.shell:Creating prefix chain script '/home/fred/mobile_robotics/assignments/assignment1/install/setup.bash'
[1.059s] INFO:colcon.colcon_core.shell:Creating prefix script '/home/fred/mobile_robotics/assignments/assignment1/install/local_setup.zsh'
[1.059s] INFO:colcon.colcon_core.shell:Creating prefix chain script '/home/fred/mobile_robotics/assignments/assignment1/install/setup.zsh'
