[0.006s] Invoking command in '/home/fred/mobile_robotics/assignments/assignment2/build/turtlebot3_bringup': AMENT_PREFIX_PATH=/home/fred/mobile_robotics/assignments/assignment2/install/turtlebot3_node:${AMENT_PREFIX_PATH} CMAKE_PREFIX_PATH=/home/fred/mobile_robotics/assignments/assignment2/install/turtlebot3_node:/home/fred/mobile_robotics/assignments/assignment2/install/turtlebot3_description:/home/fred/turtlebot3_ws/install/turtlebot3:/home/fred/turtlebot3_ws/install/turtlebot3_bringup:/home/fred/turtlebot3_ws/install/turtlebot3_node:/home/fred/turtlebot3_ws/install/turtlebot3_navigation2:/home/fred/turtlebot3_ws/install/turtlebot3_msgs:/home/fred/turtlebot3_ws/install/turtlebot3_description:/home/fred/turtlebot3_ws/install/turtlebot3_cartographer:/home/fred/turtlebot3_ws/install/dynamixel_sdk_examples:/home/fred/turtlebot3_ws/install/dynamixel_sdk_custom_interfaces:/home/fred/turtlebot3_ws/install/dynamixel_sdk:/home/fred/turtlebot3_ws/install/turtlebot3_teleop:/home/fred/turtlebot3_ws/install/turtlebot3_example:/opt/ros/humble /usr/bin/cmake /home/fred/mobile_robotics/assignments/assignment2/src/turtlebot3/turtlebot3_bringup -DAMENT_CMAKE_SYMLINK_INSTALL=1 -DCMAKE_INSTALL_PREFIX=/home/fred/mobile_robotics/assignments/assignment2/install/turtlebot3_bringup
[0.041s] -- The C compiler identification is GNU 11.4.0
[0.075s] -- The CXX compiler identification is GNU 11.4.0
[0.080s] -- Detecting C compiler ABI info
[0.127s] -- Detecting C compiler ABI info - done
[0.131s] -- Check for working C compiler: /usr/bin/cc - skipped
[0.131s] -- Detecting C compile features
[0.131s] -- Detecting C compile features - done
[0.132s] -- Detecting CXX compiler ABI info
[0.186s] -- Detecting CXX compiler ABI info - done
[0.190s] -- Check for working CXX compiler: /usr/bin/c++ - skipped
[0.190s] -- Detecting CXX compile features
[0.190s] -- Detecting CXX compile features - done
[0.193s] -- Found ament_cmake: 1.3.13 (/opt/ros/humble/share/ament_cmake/cmake)
[0.286s] -- Found Python3: /usr/bin/python3 (found version "3.10.12") found components: Interpreter 
[0.322s] -- Override CMake install command with custom implementation using symlinks instead of copying resources
[0.387s] -- Configuring done
[0.389s] -- Generating done
[0.390s] -- Build files have been written to: /home/fred/mobile_robotics/assignments/assignment2/build/turtlebot3_bringup
[0.393s] Invoked command in '/home/fred/mobile_robotics/assignments/assignment2/build/turtlebot3_bringup' returned '0': AMENT_PREFIX_PATH=/home/fred/mobile_robotics/assignments/assignment2/install/turtlebot3_node:${AMENT_PREFIX_PATH} CMAKE_PREFIX_PATH=/home/fred/mobile_robotics/assignments/assignment2/install/turtlebot3_node:/home/fred/mobile_robotics/assignments/assignment2/install/turtlebot3_description:/home/fred/turtlebot3_ws/install/turtlebot3:/home/fred/turtlebot3_ws/install/turtlebot3_bringup:/home/fred/turtlebot3_ws/install/turtlebot3_node:/home/fred/turtlebot3_ws/install/turtlebot3_navigation2:/home/fred/turtlebot3_ws/install/turtlebot3_msgs:/home/fred/turtlebot3_ws/install/turtlebot3_description:/home/fred/turtlebot3_ws/install/turtlebot3_cartographer:/home/fred/turtlebot3_ws/install/dynamixel_sdk_examples:/home/fred/turtlebot3_ws/install/dynamixel_sdk_custom_interfaces:/home/fred/turtlebot3_ws/install/dynamixel_sdk:/home/fred/turtlebot3_ws/install/turtlebot3_teleop:/home/fred/turtlebot3_ws/install/turtlebot3_example:/opt/ros/humble /usr/bin/cmake /home/fred/mobile_robotics/assignments/assignment2/src/turtlebot3/turtlebot3_bringup -DAMENT_CMAKE_SYMLINK_INSTALL=1 -DCMAKE_INSTALL_PREFIX=/home/fred/mobile_robotics/assignments/assignment2/install/turtlebot3_bringup
[0.394s] Invoking command in '/home/fred/mobile_robotics/assignments/assignment2/build/turtlebot3_bringup': AMENT_PREFIX_PATH=/home/fred/mobile_robotics/assignments/assignment2/install/turtlebot3_node:${AMENT_PREFIX_PATH} CMAKE_PREFIX_PATH=/home/fred/mobile_robotics/assignments/assignment2/install/turtlebot3_node:/home/fred/mobile_robotics/assignments/assignment2/install/turtlebot3_description:/home/fred/turtlebot3_ws/install/turtlebot3:/home/fred/turtlebot3_ws/install/turtlebot3_bringup:/home/fred/turtlebot3_ws/install/turtlebot3_node:/home/fred/turtlebot3_ws/install/turtlebot3_navigation2:/home/fred/turtlebot3_ws/install/turtlebot3_msgs:/home/fred/turtlebot3_ws/install/turtlebot3_description:/home/fred/turtlebot3_ws/install/turtlebot3_cartographer:/home/fred/turtlebot3_ws/install/dynamixel_sdk_examples:/home/fred/turtlebot3_ws/install/dynamixel_sdk_custom_interfaces:/home/fred/turtlebot3_ws/install/dynamixel_sdk:/home/fred/turtlebot3_ws/install/turtlebot3_teleop:/home/fred/turtlebot3_ws/install/turtlebot3_example:/opt/ros/humble /usr/bin/cmake --build /home/fred/mobile_robotics/assignments/assignment2/build/turtlebot3_bringup -- -j16 -l16
[0.421s] Invoked command in '/home/fred/mobile_robotics/assignments/assignment2/build/turtlebot3_bringup' returned '0': AMENT_PREFIX_PATH=/home/fred/mobile_robotics/assignments/assignment2/install/turtlebot3_node:${AMENT_PREFIX_PATH} CMAKE_PREFIX_PATH=/home/fred/mobile_robotics/assignments/assignment2/install/turtlebot3_node:/home/fred/mobile_robotics/assignments/assignment2/install/turtlebot3_description:/home/fred/turtlebot3_ws/install/turtlebot3:/home/fred/turtlebot3_ws/install/turtlebot3_bringup:/home/fred/turtlebot3_ws/install/turtlebot3_node:/home/fred/turtlebot3_ws/install/turtlebot3_navigation2:/home/fred/turtlebot3_ws/install/turtlebot3_msgs:/home/fred/turtlebot3_ws/install/turtlebot3_description:/home/fred/turtlebot3_ws/install/turtlebot3_cartographer:/home/fred/turtlebot3_ws/install/dynamixel_sdk_examples:/home/fred/turtlebot3_ws/install/dynamixel_sdk_custom_interfaces:/home/fred/turtlebot3_ws/install/dynamixel_sdk:/home/fred/turtlebot3_ws/install/turtlebot3_teleop:/home/fred/turtlebot3_ws/install/turtlebot3_example:/opt/ros/humble /usr/bin/cmake --build /home/fred/mobile_robotics/assignments/assignment2/build/turtlebot3_bringup -- -j16 -l16
[0.422s] Invoking command in '/home/fred/mobile_robotics/assignments/assignment2/build/turtlebot3_bringup': AMENT_PREFIX_PATH=/home/fred/mobile_robotics/assignments/assignment2/install/turtlebot3_node:${AMENT_PREFIX_PATH} CMAKE_PREFIX_PATH=/home/fred/mobile_robotics/assignments/assignment2/install/turtlebot3_node:/home/fred/mobile_robotics/assignments/assignment2/install/turtlebot3_description:/home/fred/turtlebot3_ws/install/turtlebot3:/home/fred/turtlebot3_ws/install/turtlebot3_bringup:/home/fred/turtlebot3_ws/install/turtlebot3_node:/home/fred/turtlebot3_ws/install/turtlebot3_navigation2:/home/fred/turtlebot3_ws/install/turtlebot3_msgs:/home/fred/turtlebot3_ws/install/turtlebot3_description:/home/fred/turtlebot3_ws/install/turtlebot3_cartographer:/home/fred/turtlebot3_ws/install/dynamixel_sdk_examples:/home/fred/turtlebot3_ws/install/dynamixel_sdk_custom_interfaces:/home/fred/turtlebot3_ws/install/dynamixel_sdk:/home/fred/turtlebot3_ws/install/turtlebot3_teleop:/home/fred/turtlebot3_ws/install/turtlebot3_example:/opt/ros/humble /usr/bin/cmake --install /home/fred/mobile_robotics/assignments/assignment2/build/turtlebot3_bringup
[0.427s] -- Install configuration: ""
[0.427s] -- Execute custom install script
[0.427s] -- Symlinking: /home/fred/mobile_robotics/assignments/assignment2/install/turtlebot3_bringup/share/turtlebot3_bringup/launch/camera.launch.py
[0.434s] -- Symlinking: /home/fred/mobile_robotics/assignments/assignment2/install/turtlebot3_bringup/share/turtlebot3_bringup/launch/robot.launch.py
[0.439s] -- Symlinking: /home/fred/mobile_robotics/assignments/assignment2/install/turtlebot3_bringup/share/turtlebot3_bringup/launch/rviz2.launch.py
[0.445s] -- Symlinking: /home/fred/mobile_robotics/assignments/assignment2/install/turtlebot3_bringup/share/turtlebot3_bringup/launch/turtlebot3_state_publisher.launch.py
[0.451s] -- Symlinking: /home/fred/mobile_robotics/assignments/assignment2/install/turtlebot3_bringup/share/turtlebot3_bringup/param/burger.yaml
[0.457s] -- Symlinking: /home/fred/mobile_robotics/assignments/assignment2/install/turtlebot3_bringup/share/turtlebot3_bringup/param/humble/burger.yaml
[0.462s] -- Symlinking: /home/fred/mobile_robotics/assignments/assignment2/install/turtlebot3_bringup/share/turtlebot3_bringup/param/humble/waffle.yaml
[0.469s] -- Symlinking: /home/fred/mobile_robotics/assignments/assignment2/install/turtlebot3_bringup/share/turtlebot3_bringup/param/humble/waffle_pi.yaml
[0.475s] -- Symlinking: /home/fred/mobile_robotics/assignments/assignment2/install/turtlebot3_bringup/share/turtlebot3_bringup/param/waffle.yaml
[0.480s] -- Symlinking: /home/fred/mobile_robotics/assignments/assignment2/install/turtlebot3_bringup/share/turtlebot3_bringup/param/waffle_pi.yaml
[0.486s] -- Symlinking: /home/fred/mobile_robotics/assignments/assignment2/install/turtlebot3_bringup/share/turtlebot3_bringup/script/99-turtlebot3-cdc.rules
[0.492s] -- Symlinking: /home/fred/mobile_robotics/assignments/assignment2/install/turtlebot3_bringup/share/turtlebot3_bringup/script/create_udev_rules
[0.498s] -- Symlinking: /home/fred/mobile_robotics/assignments/assignment2/install/turtlebot3_bringup/share/ament_index/resource_index/package_run_dependencies/turtlebot3_bringup
[0.505s] -- Symlinking: /home/fred/mobile_robotics/assignments/assignment2/install/turtlebot3_bringup/share/ament_index/resource_index/parent_prefix_path/turtlebot3_bringup
[0.510s] -- Symlinking: /home/fred/mobile_robotics/assignments/assignment2/install/turtlebot3_bringup/share/turtlebot3_bringup/environment/ament_prefix_path.sh
[0.516s] -- Symlinking: /home/fred/mobile_robotics/assignments/assignment2/install/turtlebot3_bringup/share/turtlebot3_bringup/environment/ament_prefix_path.dsv
[0.522s] -- Symlinking: /home/fred/mobile_robotics/assignments/assignment2/install/turtlebot3_bringup/share/turtlebot3_bringup/environment/path.sh
[0.528s] -- Symlinking: /home/fred/mobile_robotics/assignments/assignment2/install/turtlebot3_bringup/share/turtlebot3_bringup/environment/path.dsv
[0.534s] -- Symlinking: /home/fred/mobile_robotics/assignments/assignment2/install/turtlebot3_bringup/share/turtlebot3_bringup/local_setup.bash
[0.540s] -- Symlinking: /home/fred/mobile_robotics/assignments/assignment2/install/turtlebot3_bringup/share/turtlebot3_bringup/local_setup.sh
[0.546s] -- Symlinking: /home/fred/mobile_robotics/assignments/assignment2/install/turtlebot3_bringup/share/turtlebot3_bringup/local_setup.zsh
[0.551s] -- Symlinking: /home/fred/mobile_robotics/assignments/assignment2/install/turtlebot3_bringup/share/turtlebot3_bringup/local_setup.dsv
[0.557s] -- Symlinking: /home/fred/mobile_robotics/assignments/assignment2/install/turtlebot3_bringup/share/turtlebot3_bringup/package.dsv
[0.562s] -- Symlinking: /home/fred/mobile_robotics/assignments/assignment2/install/turtlebot3_bringup/share/ament_index/resource_index/packages/turtlebot3_bringup
[0.567s] -- Symlinking: /home/fred/mobile_robotics/assignments/assignment2/install/turtlebot3_bringup/share/turtlebot3_bringup/cmake/turtlebot3_bringupConfig.cmake
[0.573s] -- Symlinking: /home/fred/mobile_robotics/assignments/assignment2/install/turtlebot3_bringup/share/turtlebot3_bringup/cmake/turtlebot3_bringupConfig-version.cmake
[0.579s] -- Symlinking: /home/fred/mobile_robotics/assignments/assignment2/install/turtlebot3_bringup/share/turtlebot3_bringup/package.xml
[0.586s] Invoked command in '/home/fred/mobile_robotics/assignments/assignment2/build/turtlebot3_bringup' returned '0': AMENT_PREFIX_PATH=/home/fred/mobile_robotics/assignments/assignment2/install/turtlebot3_node:${AMENT_PREFIX_PATH} CMAKE_PREFIX_PATH=/home/fred/mobile_robotics/assignments/assignment2/install/turtlebot3_node:/home/fred/mobile_robotics/assignments/assignment2/install/turtlebot3_description:/home/fred/turtlebot3_ws/install/turtlebot3:/home/fred/turtlebot3_ws/install/turtlebot3_bringup:/home/fred/turtlebot3_ws/install/turtlebot3_node:/home/fred/turtlebot3_ws/install/turtlebot3_navigation2:/home/fred/turtlebot3_ws/install/turtlebot3_msgs:/home/fred/turtlebot3_ws/install/turtlebot3_description:/home/fred/turtlebot3_ws/install/turtlebot3_cartographer:/home/fred/turtlebot3_ws/install/dynamixel_sdk_examples:/home/fred/turtlebot3_ws/install/dynamixel_sdk_custom_interfaces:/home/fred/turtlebot3_ws/install/dynamixel_sdk:/home/fred/turtlebot3_ws/install/turtlebot3_teleop:/home/fred/turtlebot3_ws/install/turtlebot3_example:/opt/ros/humble /usr/bin/cmake --install /home/fred/mobile_robotics/assignments/assignment2/build/turtlebot3_bringup
