[0.006s] Invoking command in '/home/fred/mobile_robotics/assignments/assignment1/build/assignment1': CMAKE_PREFIX_PATH=/opt/ros/humble /usr/bin/cmake /home/fred/mobile_robotics/assignments/assignment1/src/assignment1 -DCMAKE_INSTALL_PREFIX=/home/fred/mobile_robotics/assignments/assignment1/install/assignment1
[0.041s] -- The C compiler identification is GNU 11.4.0
[0.077s] -- The CXX compiler identification is GNU 11.4.0
[0.082s] -- Detecting C compiler ABI info
[0.128s] -- Detecting C compiler ABI info - done
[0.132s] -- Check for working C compiler: /usr/bin/cc - skipped
[0.132s] -- Detecting C compile features
[0.132s] -- Detecting C compile features - done
[0.134s] -- Detecting CXX compiler ABI info
[0.187s] -- Detecting CXX compiler ABI info - done
[0.192s] -- Check for working CXX compiler: /usr/bin/c++ - skipped
[0.192s] -- Detecting CXX compile features
[0.192s] -- Detecting CXX compile features - done
[0.194s] -- Found ament_cmake: 1.3.12 (/opt/ros/humble/share/ament_cmake/cmake)
[0.285s] -- Found Python3: /usr/bin/python3 (found version "3.10.12") found components: Interpreter 
[0.339s] -- Found ament_lint_auto: 0.12.14 (/opt/ros/humble/share/ament_lint_auto/cmake)
[0.383s] -- Found rosidl_default_generators: 1.2.0 (/opt/ros/humble/share/rosidl_default_generators/cmake)
[0.385s] -- Using all available rosidl_typesupport_c: rosidl_typesupport_fastrtps_c;rosidl_typesupport_introspection_c
[0.389s] -- Found rosidl_adapter: 3.1.8 (/opt/ros/humble/share/rosidl_adapter/cmake)
[0.413s] -- Using all available rosidl_typesupport_cpp: rosidl_typesupport_fastrtps_cpp;rosidl_typesupport_introspection_cpp
[0.535s] [31mCMake Error at /opt/ros/humble/share/rosidl_adapter/cmake/rosidl_adapt_interfaces.cmake:59 (message):
[0.535s]   execute_process(/usr/bin/python3 -m rosidl_adapter --package-name
[0.535s]   assignment1 --arguments-file
[0.535s]   /home/fred/mobile_robotics/assignments/assignment1/build/assignment1/rosidl_adapter__arguments__assignment1.json
[0.535s]   --output-dir
[0.535s]   /home/fred/mobile_robotics/assignments/assignment1/build/assignment1/rosidl_adapter/assignment1
[0.535s]   --output-file
[0.535s]   /home/fred/mobile_robotics/assignments/assignment1/build/assignment1/rosidl_adapter/assignment1.idls)
[0.535s]   returned error code 1:
[0.535s] 
[0.535s]   Traceback (most recent call last):
[0.535s] 
[0.535s]     File "/usr/lib/python3.10/runpy.py", line 196, in _run_module_as_main
[0.535s]       return _run_code(code, main_globals, None,
[0.535s]     File "/usr/lib/python3.10/runpy.py", line 86, in _run_code
[0.535s]       exec(code, run_globals)
[0.535s]     File "/opt/ros/humble/local/lib/python3.10/dist-packages/rosidl_adapter/__main__.py", line 19, in <module>
[0.535s]       sys.exit(main())
[0.535s]     File "/opt/ros/humble/local/lib/python3.10/dist-packages/rosidl_adapter/main.py", line 53, in main
[0.535s]       abs_idl_file = convert_to_idl(
[0.535s]     File "/opt/ros/humble/local/lib/python3.10/dist-packages/rosidl_adapter/__init__.py", line 29, in convert_to_idl
[0.535s]       return convert_action_to_idl(
[0.535s]     File "/opt/ros/humble/local/lib/python3.10/dist-packages/rosidl_adapter/action/__init__.py", line 28, in convert_action_to_idl
[0.535s]       action = parse_action_string(package_name, input_file.stem, content)
[0.535s]     File "/opt/ros/humble/local/lib/python3.10/dist-packages/rosidl_adapter/parser.py", line 894, in parse_action_string
[0.535s]       raise InvalidActionSpecification(
[0.535s] 
[0.535s]   rosidl_adapter.parser.InvalidActionSpecification: Number of '---'
[0.535s]   separators nonconformant with action definition
[0.536s] 
[0.536s] Call Stack (most recent call first):
[0.536s]   /opt/ros/humble/share/rosidl_cmake/cmake/rosidl_generate_interfaces.cmake:130 (rosidl_adapt_interfaces)
[0.536s]   CMakeLists.txt:28 (rosidl_generate_interfaces)
[0.536s] 
[0.536s] [0m
[0.536s] -- Configuring incomplete, errors occurred!
[0.536s] See also "/home/fred/mobile_robotics/assignments/assignment1/build/assignment1/CMakeFiles/CMakeOutput.log".
[0.540s] Invoked command in '/home/fred/mobile_robotics/assignments/assignment1/build/assignment1' returned '1': CMAKE_PREFIX_PATH=/opt/ros/humble /usr/bin/cmake /home/fred/mobile_robotics/assignments/assignment1/src/assignment1 -DCMAKE_INSTALL_PREFIX=/home/fred/mobile_robotics/assignments/assignment1/install/assignment1
