[0.007s] Invoking command in '/home/fred/mobile_robotics/assignments/assignment1/build/assignment1': CMAKE_PREFIX_PATH=${CMAKE_PREFIX_PATH}:/opt/ros/humble /usr/bin/cmake --build /home/fred/mobile_robotics/assignments/assignment1/build/assignment1 -- -j16 -l16
[0.040s] [  3%] Built target assignment1__cpp
[0.041s] [ 12%] Built target assignment1__rosidl_generator_c
[0.047s] [ 12%] Built target ament_cmake_python_copy_assignment1
[0.054s] [ 22%] Built target assignment1__rosidl_typesupport_introspection_c
[0.054s] [ 32%] Built target assignment1__rosidl_typesupport_c
[0.054s] [ 41%] Built target assignment1__rosidl_typesupport_introspection_cpp
[0.054s] [ 61%] Built target assignment1__rosidl_typesupport_cpp
[0.055s] [ 61%] Built target assignment1__rosidl_typesupport_fastrtps_cpp
[0.055s] [ 70%] Built target assignment1__rosidl_typesupport_fastrtps_c
[0.067s] [ 70%] Built target assignment1
[0.080s] [ 74%] Built target assignment1__py
[0.094s] [ 80%] Built target assignment1__rosidl_generator_py
[0.109s] [100%] Built target assignment1__rosidl_typesupport_c__pyext
[0.109s] [100%] Built target assignment1__rosidl_typesupport_introspection_c__pyext
[0.109s] [100%] Built target assignment1__rosidl_typesupport_fastrtps_c__pyext
[0.182s] running egg_info
[0.182s] writing assignment1.egg-info/PKG-INFO
[0.182s] writing dependency_links to assignment1.egg-info/dependency_links.txt
[0.182s] writing top-level names to assignment1.egg-info/top_level.txt
[0.184s] reading manifest file 'assignment1.egg-info/SOURCES.txt'
[0.184s] writing manifest file 'assignment1.egg-info/SOURCES.txt'
[0.201s] [100%] Built target ament_cmake_python_build_assignment1_egg
[0.209s] Invoked command in '/home/fred/mobile_robotics/assignments/assignment1/build/assignment1' returned '0': CMAKE_PREFIX_PATH=${CMAKE_PREFIX_PATH}:/opt/ros/humble /usr/bin/cmake --build /home/fred/mobile_robotics/assignments/assignment1/build/assignment1 -- -j16 -l16
[0.216s] Invoking command in '/home/fred/mobile_robotics/assignments/assignment1/build/assignment1': CMAKE_PREFIX_PATH=${CMAKE_PREFIX_PATH}:/opt/ros/humble /usr/bin/cmake --install /home/fred/mobile_robotics/assignments/assignment1/build/assignment1
[0.221s] -- Install configuration: ""
[0.221s] -- Up-to-date: /home/fred/mobile_robotics/assignments/assignment1/install/assignment1/share/ament_index/resource_index/rosidl_interfaces/assignment1
[0.221s] -- Up-to-date: /home/fred/mobile_robotics/assignments/assignment1/install/assignment1/include/assignment1/assignment1
[0.221s] -- Up-to-date: /home/fred/mobile_robotics/assignments/assignment1/install/assignment1/include/assignment1/assignment1/action
[0.221s] -- Up-to-date: /home/fred/mobile_robotics/assignments/assignment1/install/assignment1/include/assignment1/assignment1/action/pos.h
[0.221s] -- Up-to-date: /home/fred/mobile_robotics/assignments/assignment1/install/assignment1/include/assignment1/assignment1/action/detail
[0.222s] -- Up-to-date: /home/fred/mobile_robotics/assignments/assignment1/install/assignment1/include/assignment1/assignment1/action/detail/pos__struct.h
[0.222s] -- Up-to-date: /home/fred/mobile_robotics/assignments/assignment1/install/assignment1/include/assignment1/assignment1/action/detail/pos__type_support.h
[0.222s] -- Up-to-date: /home/fred/mobile_robotics/assignments/assignment1/install/assignment1/include/assignment1/assignment1/action/detail/pos__functions.h
[0.222s] -- Up-to-date: /home/fred/mobile_robotics/assignments/assignment1/install/assignment1/include/assignment1/assignment1/action/detail/pos__functions.c
[0.222s] -- Up-to-date: /home/fred/mobile_robotics/assignments/assignment1/install/assignment1/include/assignment1/assignment1/msg
[0.222s] -- Up-to-date: /home/fred/mobile_robotics/assignments/assignment1/install/assignment1/include/assignment1/assignment1/msg/rosidl_generator_c__visibility_control.h
[0.222s] -- Up-to-date: /home/fred/mobile_robotics/assignments/assignment1/install/assignment1/share/assignment1/environment/library_path.sh
[0.222s] -- Up-to-date: /home/fred/mobile_robotics/assignments/assignment1/install/assignment1/share/assignment1/environment/library_path.dsv
[0.222s] -- Up-to-date: /home/fred/mobile_robotics/assignments/assignment1/install/assignment1/lib/libassignment1__rosidl_generator_c.so
[0.222s] -- Up-to-date: /home/fred/mobile_robotics/assignments/assignment1/install/assignment1/include/assignment1/assignment1
[0.222s] -- Up-to-date: /home/fred/mobile_robotics/assignments/assignment1/install/assignment1/include/assignment1/assignment1/action
[0.222s] -- Up-to-date: /home/fred/mobile_robotics/assignments/assignment1/install/assignment1/include/assignment1/assignment1/action/detail
[0.222s] -- Up-to-date: /home/fred/mobile_robotics/assignments/assignment1/install/assignment1/include/assignment1/assignment1/action/detail/pos__rosidl_typesupport_fastrtps_c.h
[0.222s] -- Up-to-date: /home/fred/mobile_robotics/assignments/assignment1/install/assignment1/include/assignment1/assignment1/msg
[0.222s] -- Up-to-date: /home/fred/mobile_robotics/assignments/assignment1/install/assignment1/include/assignment1/assignment1/msg/rosidl_typesupport_fastrtps_c__visibility_control.h
[0.222s] -- Up-to-date: /home/fred/mobile_robotics/assignments/assignment1/install/assignment1/lib/libassignment1__rosidl_typesupport_fastrtps_c.so
[0.222s] -- Up-to-date: /home/fred/mobile_robotics/assignments/assignment1/install/assignment1/include/assignment1/assignment1
[0.222s] -- Up-to-date: /home/fred/mobile_robotics/assignments/assignment1/install/assignment1/include/assignment1/assignment1/action
[0.222s] -- Up-to-date: /home/fred/mobile_robotics/assignments/assignment1/install/assignment1/include/assignment1/assignment1/action/detail
[0.222s] -- Up-to-date: /home/fred/mobile_robotics/assignments/assignment1/install/assignment1/include/assignment1/assignment1/action/detail/pos__type_support.c
[0.222s] -- Up-to-date: /home/fred/mobile_robotics/assignments/assignment1/install/assignment1/include/assignment1/assignment1/action/detail/pos__rosidl_typesupport_introspection_c.h
[0.222s] -- Up-to-date: /home/fred/mobile_robotics/assignments/assignment1/install/assignment1/include/assignment1/assignment1/msg
[0.222s] -- Up-to-date: /home/fred/mobile_robotics/assignments/assignment1/install/assignment1/include/assignment1/assignment1/msg/rosidl_typesupport_introspection_c__visibility_control.h
[0.222s] -- Up-to-date: /home/fred/mobile_robotics/assignments/assignment1/install/assignment1/lib/libassignment1__rosidl_typesupport_introspection_c.so
[0.223s] -- Up-to-date: /home/fred/mobile_robotics/assignments/assignment1/install/assignment1/lib/libassignment1__rosidl_typesupport_c.so
[0.223s] -- Up-to-date: /home/fred/mobile_robotics/assignments/assignment1/install/assignment1/include/assignment1/assignment1
[0.223s] -- Up-to-date: /home/fred/mobile_robotics/assignments/assignment1/install/assignment1/include/assignment1/assignment1/action
[0.223s] -- Up-to-date: /home/fred/mobile_robotics/assignments/assignment1/install/assignment1/include/assignment1/assignment1/action/detail
[0.223s] -- Up-to-date: /home/fred/mobile_robotics/assignments/assignment1/install/assignment1/include/assignment1/assignment1/action/detail/pos__struct.hpp
[0.223s] -- Up-to-date: /home/fred/mobile_robotics/assignments/assignment1/install/assignment1/include/assignment1/assignment1/action/detail/pos__builder.hpp
[0.223s] -- Up-to-date: /home/fred/mobile_robotics/assignments/assignment1/install/assignment1/include/assignment1/assignment1/action/detail/pos__traits.hpp
[0.223s] -- Up-to-date: /home/fred/mobile_robotics/assignments/assignment1/install/assignment1/include/assignment1/assignment1/action/detail/pos__type_support.hpp
[0.223s] -- Up-to-date: /home/fred/mobile_robotics/assignments/assignment1/install/assignment1/include/assignment1/assignment1/action/pos.hpp
[0.223s] -- Up-to-date: /home/fred/mobile_robotics/assignments/assignment1/install/assignment1/include/assignment1/assignment1/msg
[0.223s] -- Up-to-date: /home/fred/mobile_robotics/assignments/assignment1/install/assignment1/include/assignment1/assignment1/msg/rosidl_generator_cpp__visibility_control.hpp
[0.223s] -- Up-to-date: /home/fred/mobile_robotics/assignments/assignment1/install/assignment1/include/assignment1/assignment1
[0.223s] -- Up-to-date: /home/fred/mobile_robotics/assignments/assignment1/install/assignment1/include/assignment1/assignment1/action
[0.223s] -- Up-to-date: /home/fred/mobile_robotics/assignments/assignment1/install/assignment1/include/assignment1/assignment1/action/detail
[0.223s] -- Up-to-date: /home/fred/mobile_robotics/assignments/assignment1/install/assignment1/include/assignment1/assignment1/action/detail/dds_fastrtps
[0.223s] -- Up-to-date: /home/fred/mobile_robotics/assignments/assignment1/install/assignment1/include/assignment1/assignment1/action/detail/pos__rosidl_typesupport_fastrtps_cpp.hpp
[0.223s] -- Up-to-date: /home/fred/mobile_robotics/assignments/assignment1/install/assignment1/include/assignment1/assignment1/msg
[0.223s] -- Up-to-date: /home/fred/mobile_robotics/assignments/assignment1/install/assignment1/include/assignment1/assignment1/msg/rosidl_typesupport_fastrtps_cpp__visibility_control.h
[0.223s] -- Up-to-date: /home/fred/mobile_robotics/assignments/assignment1/install/assignment1/lib/libassignment1__rosidl_typesupport_fastrtps_cpp.so
[0.223s] -- Up-to-date: /home/fred/mobile_robotics/assignments/assignment1/install/assignment1/include/assignment1/assignment1
[0.224s] -- Up-to-date: /home/fred/mobile_robotics/assignments/assignment1/install/assignment1/include/assignment1/assignment1/action
[0.224s] -- Up-to-date: /home/fred/mobile_robotics/assignments/assignment1/install/assignment1/include/assignment1/assignment1/action/detail
[0.224s] -- Up-to-date: /home/fred/mobile_robotics/assignments/assignment1/install/assignment1/include/assignment1/assignment1/action/detail/pos__rosidl_typesupport_introspection_cpp.hpp
[0.224s] -- Up-to-date: /home/fred/mobile_robotics/assignments/assignment1/install/assignment1/include/assignment1/assignment1/action/detail/pos__type_support.cpp
[0.224s] -- Up-to-date: /home/fred/mobile_robotics/assignments/assignment1/install/assignment1/lib/libassignment1__rosidl_typesupport_introspection_cpp.so
[0.224s] -- Up-to-date: /home/fred/mobile_robotics/assignments/assignment1/install/assignment1/lib/libassignment1__rosidl_typesupport_cpp.so
[0.224s] -- Up-to-date: /home/fred/mobile_robotics/assignments/assignment1/install/assignment1/share/assignment1/environment/pythonpath.sh
[0.224s] -- Up-to-date: /home/fred/mobile_robotics/assignments/assignment1/install/assignment1/share/assignment1/environment/pythonpath.dsv
[0.224s] -- Up-to-date: /home/fred/mobile_robotics/assignments/assignment1/install/assignment1/local/lib/python3.10/dist-packages/assignment1-0.0.0-py3.10.egg-info
[0.224s] -- Installing: /home/fred/mobile_robotics/assignments/assignment1/install/assignment1/local/lib/python3.10/dist-packages/assignment1-0.0.0-py3.10.egg-info/dependency_links.txt
[0.224s] -- Installing: /home/fred/mobile_robotics/assignments/assignment1/install/assignment1/local/lib/python3.10/dist-packages/assignment1-0.0.0-py3.10.egg-info/PKG-INFO
[0.224s] -- Installing: /home/fred/mobile_robotics/assignments/assignment1/install/assignment1/local/lib/python3.10/dist-packages/assignment1-0.0.0-py3.10.egg-info/SOURCES.txt
[0.224s] -- Installing: /home/fred/mobile_robotics/assignments/assignment1/install/assignment1/local/lib/python3.10/dist-packages/assignment1-0.0.0-py3.10.egg-info/top_level.txt
[0.225s] -- Up-to-date: /home/fred/mobile_robotics/assignments/assignment1/install/assignment1/local/lib/python3.10/dist-packages/assignment1
[0.225s] -- Up-to-date: /home/fred/mobile_robotics/assignments/assignment1/install/assignment1/local/lib/python3.10/dist-packages/assignment1/assignment1_s__rosidl_typesupport_introspection_c.cpython-310-x86_64-linux-gnu.so
[0.225s] -- Up-to-date: /home/fred/mobile_robotics/assignments/assignment1/install/assignment1/local/lib/python3.10/dist-packages/assignment1/_assignment1_s.ep.rosidl_typesupport_introspection_c.c
[0.225s] -- Up-to-date: /home/fred/mobile_robotics/assignments/assignment1/install/assignment1/local/lib/python3.10/dist-packages/assignment1/_assignment1_s.ep.rosidl_typesupport_fastrtps_c.c
[0.225s] -- Up-to-date: /home/fred/mobile_robotics/assignments/assignment1/install/assignment1/local/lib/python3.10/dist-packages/assignment1/__init__.py
[0.225s] -- Up-to-date: /home/fred/mobile_robotics/assignments/assignment1/install/assignment1/local/lib/python3.10/dist-packages/assignment1/assignment1_s__rosidl_typesupport_fastrtps_c.cpython-310-x86_64-linux-gnu.so
[0.225s] -- Up-to-date: /home/fred/mobile_robotics/assignments/assignment1/install/assignment1/local/lib/python3.10/dist-packages/assignment1/_assignment1_s.ep.rosidl_typesupport_c.c
[0.225s] -- Up-to-date: /home/fred/mobile_robotics/assignments/assignment1/install/assignment1/local/lib/python3.10/dist-packages/assignment1/libassignment1__rosidl_generator_py.so
[0.225s] -- Up-to-date: /home/fred/mobile_robotics/assignments/assignment1/install/assignment1/local/lib/python3.10/dist-packages/assignment1/action
[0.225s] -- Up-to-date: /home/fred/mobile_robotics/assignments/assignment1/install/assignment1/local/lib/python3.10/dist-packages/assignment1/action/__init__.py
[0.225s] -- Up-to-date: /home/fred/mobile_robotics/assignments/assignment1/install/assignment1/local/lib/python3.10/dist-packages/assignment1/action/_pos.py
[0.225s] -- Up-to-date: /home/fred/mobile_robotics/assignments/assignment1/install/assignment1/local/lib/python3.10/dist-packages/assignment1/action/_pos_s.c
[0.225s] -- Up-to-date: /home/fred/mobile_robotics/assignments/assignment1/install/assignment1/local/lib/python3.10/dist-packages/assignment1/assignment1_s__rosidl_typesupport_c.cpython-310-x86_64-linux-gnu.so
[0.244s] Listing '/home/fred/mobile_robotics/assignments/assignment1/install/assignment1/local/lib/python3.10/dist-packages/assignment1'...
[0.244s] Listing '/home/fred/mobile_robotics/assignments/assignment1/install/assignment1/local/lib/python3.10/dist-packages/assignment1/action'...
[0.246s] -- Up-to-date: /home/fred/mobile_robotics/assignments/assignment1/install/assignment1/local/lib/python3.10/dist-packages/assignment1/assignment1_s__rosidl_typesupport_fastrtps_c.cpython-310-x86_64-linux-gnu.so
[0.247s] -- Up-to-date: /home/fred/mobile_robotics/assignments/assignment1/install/assignment1/local/lib/python3.10/dist-packages/assignment1/assignment1_s__rosidl_typesupport_introspection_c.cpython-310-x86_64-linux-gnu.so
[0.247s] -- Up-to-date: /home/fred/mobile_robotics/assignments/assignment1/install/assignment1/local/lib/python3.10/dist-packages/assignment1/assignment1_s__rosidl_typesupport_c.cpython-310-x86_64-linux-gnu.so
[0.247s] -- Up-to-date: /home/fred/mobile_robotics/assignments/assignment1/install/assignment1/lib/libassignment1__rosidl_generator_py.so
[0.247s] -- Up-to-date: /home/fred/mobile_robotics/assignments/assignment1/install/assignment1/share/assignment1/action/Pos.idl
[0.247s] -- Up-to-date: /home/fred/mobile_robotics/assignments/assignment1/install/assignment1/share/assignment1/action/Pos.action
[0.247s] -- Installing: /home/fred/mobile_robotics/assignments/assignment1/install/assignment1/lib/assignment1/pos_action_server.py
[0.247s] -- Installing: /home/fred/mobile_robotics/assignments/assignment1/install/assignment1/lib/assignment1/pos_action_client.py
[0.248s] -- Up-to-date: /home/fred/mobile_robotics/assignments/assignment1/install/assignment1/share/ament_index/resource_index/package_run_dependencies/assignment1
[0.248s] -- Up-to-date: /home/fred/mobile_robotics/assignments/assignment1/install/assignment1/share/ament_index/resource_index/parent_prefix_path/assignment1
[0.248s] -- Up-to-date: /home/fred/mobile_robotics/assignments/assignment1/install/assignment1/share/assignment1/environment/ament_prefix_path.sh
[0.248s] -- Up-to-date: /home/fred/mobile_robotics/assignments/assignment1/install/assignment1/share/assignment1/environment/ament_prefix_path.dsv
[0.248s] -- Up-to-date: /home/fred/mobile_robotics/assignments/assignment1/install/assignment1/share/assignment1/environment/path.sh
[0.248s] -- Up-to-date: /home/fred/mobile_robotics/assignments/assignment1/install/assignment1/share/assignment1/environment/path.dsv
[0.248s] -- Up-to-date: /home/fred/mobile_robotics/assignments/assignment1/install/assignment1/share/assignment1/local_setup.bash
[0.248s] -- Up-to-date: /home/fred/mobile_robotics/assignments/assignment1/install/assignment1/share/assignment1/local_setup.sh
[0.248s] -- Up-to-date: /home/fred/mobile_robotics/assignments/assignment1/install/assignment1/share/assignment1/local_setup.zsh
[0.248s] -- Up-to-date: /home/fred/mobile_robotics/assignments/assignment1/install/assignment1/share/assignment1/local_setup.dsv
[0.248s] -- Up-to-date: /home/fred/mobile_robotics/assignments/assignment1/install/assignment1/share/assignment1/package.dsv
[0.248s] -- Up-to-date: /home/fred/mobile_robotics/assignments/assignment1/install/assignment1/share/ament_index/resource_index/packages/assignment1
[0.248s] -- Up-to-date: /home/fred/mobile_robotics/assignments/assignment1/install/assignment1/share/assignment1/cmake/export_assignment1__rosidl_generator_cExport.cmake
[0.248s] -- Up-to-date: /home/fred/mobile_robotics/assignments/assignment1/install/assignment1/share/assignment1/cmake/export_assignment1__rosidl_generator_cExport-noconfig.cmake
[0.248s] -- Up-to-date: /home/fred/mobile_robotics/assignments/assignment1/install/assignment1/share/assignment1/cmake/export_assignment1__rosidl_typesupport_fastrtps_cExport.cmake
[0.248s] -- Up-to-date: /home/fred/mobile_robotics/assignments/assignment1/install/assignment1/share/assignment1/cmake/export_assignment1__rosidl_typesupport_fastrtps_cExport-noconfig.cmake
[0.248s] -- Up-to-date: /home/fred/mobile_robotics/assignments/assignment1/install/assignment1/share/assignment1/cmake/assignment1__rosidl_typesupport_introspection_cExport.cmake
[0.248s] -- Up-to-date: /home/fred/mobile_robotics/assignments/assignment1/install/assignment1/share/assignment1/cmake/assignment1__rosidl_typesupport_introspection_cExport-noconfig.cmake
[0.248s] -- Up-to-date: /home/fred/mobile_robotics/assignments/assignment1/install/assignment1/share/assignment1/cmake/assignment1__rosidl_typesupport_cExport.cmake
[0.248s] -- Up-to-date: /home/fred/mobile_robotics/assignments/assignment1/install/assignment1/share/assignment1/cmake/assignment1__rosidl_typesupport_cExport-noconfig.cmake
[0.248s] -- Up-to-date: /home/fred/mobile_robotics/assignments/assignment1/install/assignment1/share/assignment1/cmake/export_assignment1__rosidl_generator_cppExport.cmake
[0.248s] -- Up-to-date: /home/fred/mobile_robotics/assignments/assignment1/install/assignment1/share/assignment1/cmake/export_assignment1__rosidl_typesupport_fastrtps_cppExport.cmake
[0.248s] -- Up-to-date: /home/fred/mobile_robotics/assignments/assignment1/install/assignment1/share/assignment1/cmake/export_assignment1__rosidl_typesupport_fastrtps_cppExport-noconfig.cmake
[0.248s] -- Up-to-date: /home/fred/mobile_robotics/assignments/assignment1/install/assignment1/share/assignment1/cmake/assignment1__rosidl_typesupport_introspection_cppExport.cmake
[0.248s] -- Up-to-date: /home/fred/mobile_robotics/assignments/assignment1/install/assignment1/share/assignment1/cmake/assignment1__rosidl_typesupport_introspection_cppExport-noconfig.cmake
[0.249s] -- Up-to-date: /home/fred/mobile_robotics/assignments/assignment1/install/assignment1/share/assignment1/cmake/assignment1__rosidl_typesupport_cppExport.cmake
[0.249s] -- Up-to-date: /home/fred/mobile_robotics/assignments/assignment1/install/assignment1/share/assignment1/cmake/assignment1__rosidl_typesupport_cppExport-noconfig.cmake
[0.249s] -- Up-to-date: /home/fred/mobile_robotics/assignments/assignment1/install/assignment1/share/assignment1/cmake/export_assignment1__rosidl_generator_pyExport.cmake
[0.249s] -- Up-to-date: /home/fred/mobile_robotics/assignments/assignment1/install/assignment1/share/assignment1/cmake/export_assignment1__rosidl_generator_pyExport-noconfig.cmake
[0.249s] -- Up-to-date: /home/fred/mobile_robotics/assignments/assignment1/install/assignment1/share/assignment1/cmake/rosidl_cmake-extras.cmake
[0.249s] -- Up-to-date: /home/fred/mobile_robotics/assignments/assignment1/install/assignment1/share/assignment1/cmake/ament_cmake_export_dependencies-extras.cmake
[0.249s] -- Up-to-date: /home/fred/mobile_robotics/assignments/assignment1/install/assignment1/share/assignment1/cmake/ament_cmake_export_include_directories-extras.cmake
[0.249s] -- Up-to-date: /home/fred/mobile_robotics/assignments/assignment1/install/assignment1/share/assignment1/cmake/ament_cmake_export_libraries-extras.cmake
[0.249s] -- Up-to-date: /home/fred/mobile_robotics/assignments/assignment1/install/assignment1/share/assignment1/cmake/ament_cmake_export_targets-extras.cmake
[0.249s] -- Up-to-date: /home/fred/mobile_robotics/assignments/assignment1/install/assignment1/share/assignment1/cmake/rosidl_cmake_export_typesupport_targets-extras.cmake
[0.249s] -- Up-to-date: /home/fred/mobile_robotics/assignments/assignment1/install/assignment1/share/assignment1/cmake/rosidl_cmake_export_typesupport_libraries-extras.cmake
[0.249s] -- Up-to-date: /home/fred/mobile_robotics/assignments/assignment1/install/assignment1/share/assignment1/cmake/assignment1Config.cmake
[0.249s] -- Up-to-date: /home/fred/mobile_robotics/assignments/assignment1/install/assignment1/share/assignment1/cmake/assignment1Config-version.cmake
[0.249s] -- Up-to-date: /home/fred/mobile_robotics/assignments/assignment1/install/assignment1/share/assignment1/package.xml
[0.251s] Invoked command in '/home/fred/mobile_robotics/assignments/assignment1/build/assignment1' returned '0': CMAKE_PREFIX_PATH=${CMAKE_PREFIX_PATH}:/opt/ros/humble /usr/bin/cmake --install /home/fred/mobile_robotics/assignments/assignment1/build/assignment1
