[0.007s] Invoking command in '/home/fred/mobile_robotics/assignments/assignment1/build/assignment1': CMAKE_PREFIX_PATH=${CMAKE_PREFIX_PATH}:/opt/ros/humble /usr/bin/cmake --build /home/fred/mobile_robotics/assignments/assignment1/build/assignment1 -- -j16 -l16
[0.024s] -- Found ament_cmake: 1.3.12 (/opt/ros/humble/share/ament_cmake/cmake)
[0.099s] -- Found ament_lint_auto: 0.12.14 (/opt/ros/humble/share/ament_lint_auto/cmake)
[0.138s] -- Found rosidl_default_generators: 1.2.0 (/opt/ros/humble/share/rosidl_default_generators/cmake)
[0.139s] -- Using all available rosidl_typesupport_c: rosidl_typesupport_fastrtps_c;rosidl_typesupport_introspection_c
[0.140s] -- Found rosidl_adapter: 3.1.8 (/opt/ros/humble/share/rosidl_adapter/cmake)
[0.159s] -- Using all available rosidl_typesupport_cpp: rosidl_typesupport_fastrtps_cpp;rosidl_typesupport_introspection_cpp
[0.173s] -- Found action_msgs: 1.2.2 (/opt/ros/humble/share/action_msgs/cmake)
[0.307s] -- Found ament_cmake_ros: 0.10.0 (/opt/ros/humble/share/ament_cmake_ros/cmake)
[0.421s] -- Using all available rosidl_typesupport_c: rosidl_typesupport_fastrtps_c;rosidl_typesupport_introspection_c
[0.558s] -- Using all available rosidl_typesupport_cpp: rosidl_typesupport_fastrtps_cpp;rosidl_typesupport_introspection_cpp
[0.571s] -- Found python_cmake_module: 0.10.0 (/opt/ros/humble/share/python_cmake_module/cmake)
[0.584s] -- Using PYTHON_EXECUTABLE: /usr/bin/python3
[0.584s] -- Using PYTHON_INCLUDE_DIRS: /usr/include/python3.10
[0.584s] -- Using PYTHON_LIBRARIES: /usr/lib/x86_64-linux-gnu/libpython3.10.so
[0.593s] -- Added test 'flake8' to check Python code syntax and style conventions
[0.594s] -- Added test 'lint_cmake' to check CMake code style
[0.594s] -- Added test 'pep257' to check Python code against some of the docstring style conventions in PEP 257
[0.594s] -- Added test 'xmllint' to check XML markup files
[0.596s] -- Configuring done
[0.614s] -- Generating done
[0.621s] -- Build files have been written to: /home/fred/mobile_robotics/assignments/assignment1/build/assignment1
[0.638s] [35m[1mConsolidate compiler generated dependencies of target assignment1__rosidl_generator_c[0m
[0.644s] [  3%] Built target assignment1__cpp
[0.645s] [ 12%] Built target assignment1__rosidl_generator_c
[0.650s] [35m[1mConsolidate compiler generated dependencies of target assignment1__rosidl_typesupport_cpp[0m
[0.650s] [35m[1mConsolidate compiler generated dependencies of target assignment1__rosidl_typesupport_fastrtps_cpp[0m
[0.650s] [ 12%] Built target ament_cmake_python_copy_assignment1
[0.650s] [35m[1mConsolidate compiler generated dependencies of target assignment1__rosidl_typesupport_introspection_cpp[0m
[0.650s] [35m[1mConsolidate compiler generated dependencies of target assignment1__rosidl_typesupport_fastrtps_c[0m
[0.650s] [35m[1mConsolidate compiler generated dependencies of target assignment1__rosidl_typesupport_introspection_c[0m
[0.651s] [35m[1mConsolidate compiler generated dependencies of target assignment1__rosidl_typesupport_c[0m
[0.657s] [ 22%] Built target assignment1__rosidl_typesupport_introspection_c
[0.657s] [ 32%] Built target assignment1__rosidl_typesupport_c
[0.657s] [ 51%] Built target assignment1__rosidl_typesupport_cpp
[0.658s] [ 64%] Built target assignment1__rosidl_typesupport_introspection_cpp
[0.658s] [ 64%] Built target assignment1__rosidl_typesupport_fastrtps_c
[0.658s] [ 70%] Built target assignment1__rosidl_typesupport_fastrtps_cpp
[0.669s] [ 70%] Built target assignment1
[0.680s] [ 74%] Built target assignment1__py
[0.686s] [35m[1mConsolidate compiler generated dependencies of target assignment1__rosidl_generator_py[0m
[0.694s] [ 80%] Built target assignment1__rosidl_generator_py
[0.700s] [35m[1mConsolidate compiler generated dependencies of target assignment1__rosidl_typesupport_introspection_c__pyext[0m
[0.700s] [35m[1mConsolidate compiler generated dependencies of target assignment1__rosidl_typesupport_fastrtps_c__pyext[0m
[0.700s] [35m[1mConsolidate compiler generated dependencies of target assignment1__rosidl_typesupport_c__pyext[0m
[0.708s] [ 87%] Built target assignment1__rosidl_typesupport_introspection_c__pyext
[0.708s] [ 93%] Built target assignment1__rosidl_typesupport_c__pyext
[0.708s] [100%] Built target assignment1__rosidl_typesupport_fastrtps_c__pyext
[0.763s] running egg_info
[0.763s] writing assignment1.egg-info/PKG-INFO
[0.763s] writing dependency_links to assignment1.egg-info/dependency_links.txt
[0.763s] writing top-level names to assignment1.egg-info/top_level.txt
[0.764s] reading manifest file 'assignment1.egg-info/SOURCES.txt'
[0.764s] writing manifest file 'assignment1.egg-info/SOURCES.txt'
[0.779s] [100%] Built target ament_cmake_python_build_assignment1_egg
[0.787s] Invoked command in '/home/fred/mobile_robotics/assignments/assignment1/build/assignment1' returned '0': CMAKE_PREFIX_PATH=${CMAKE_PREFIX_PATH}:/opt/ros/humble /usr/bin/cmake --build /home/fred/mobile_robotics/assignments/assignment1/build/assignment1 -- -j16 -l16
[0.793s] Invoking command in '/home/fred/mobile_robotics/assignments/assignment1/build/assignment1': CMAKE_PREFIX_PATH=${CMAKE_PREFIX_PATH}:/opt/ros/humble /usr/bin/cmake --install /home/fred/mobile_robotics/assignments/assignment1/build/assignment1
[0.798s] -- Install configuration: ""
[0.798s] -- Up-to-date: /home/fred/mobile_robotics/assignments/assignment1/install/assignment1/share/ament_index/resource_index/rosidl_interfaces/assignment1
[0.798s] -- Up-to-date: /home/fred/mobile_robotics/assignments/assignment1/install/assignment1/include/assignment1/assignment1
[0.798s] -- Up-to-date: /home/fred/mobile_robotics/assignments/assignment1/install/assignment1/include/assignment1/assignment1/action
[0.798s] -- Up-to-date: /home/fred/mobile_robotics/assignments/assignment1/install/assignment1/include/assignment1/assignment1/action/pos.h
[0.798s] -- Up-to-date: /home/fred/mobile_robotics/assignments/assignment1/install/assignment1/include/assignment1/assignment1/action/detail
[0.798s] -- Up-to-date: /home/fred/mobile_robotics/assignments/assignment1/install/assignment1/include/assignment1/assignment1/action/detail/pos__struct.h
[0.798s] -- Up-to-date: /home/fred/mobile_robotics/assignments/assignment1/install/assignment1/include/assignment1/assignment1/action/detail/pos__type_support.h
[0.798s] -- Up-to-date: /home/fred/mobile_robotics/assignments/assignment1/install/assignment1/include/assignment1/assignment1/action/detail/pos__functions.h
[0.798s] -- Up-to-date: /home/fred/mobile_robotics/assignments/assignment1/install/assignment1/include/assignment1/assignment1/action/detail/pos__functions.c
[0.798s] -- Up-to-date: /home/fred/mobile_robotics/assignments/assignment1/install/assignment1/include/assignment1/assignment1/msg
[0.798s] -- Up-to-date: /home/fred/mobile_robotics/assignments/assignment1/install/assignment1/include/assignment1/assignment1/msg/rosidl_generator_c__visibility_control.h
[0.798s] -- Up-to-date: /home/fred/mobile_robotics/assignments/assignment1/install/assignment1/share/assignment1/environment/library_path.sh
[0.798s] -- Installing: /home/fred/mobile_robotics/assignments/assignment1/install/assignment1/share/assignment1/environment/library_path.dsv
[0.798s] -- Up-to-date: /home/fred/mobile_robotics/assignments/assignment1/install/assignment1/lib/libassignment1__rosidl_generator_c.so
[0.798s] -- Up-to-date: /home/fred/mobile_robotics/assignments/assignment1/install/assignment1/include/assignment1/assignment1
[0.798s] -- Up-to-date: /home/fred/mobile_robotics/assignments/assignment1/install/assignment1/include/assignment1/assignment1/action
[0.799s] -- Up-to-date: /home/fred/mobile_robotics/assignments/assignment1/install/assignment1/include/assignment1/assignment1/action/detail
[0.799s] -- Up-to-date: /home/fred/mobile_robotics/assignments/assignment1/install/assignment1/include/assignment1/assignment1/action/detail/pos__rosidl_typesupport_fastrtps_c.h
[0.799s] -- Up-to-date: /home/fred/mobile_robotics/assignments/assignment1/install/assignment1/include/assignment1/assignment1/msg
[0.799s] -- Up-to-date: /home/fred/mobile_robotics/assignments/assignment1/install/assignment1/include/assignment1/assignment1/msg/rosidl_typesupport_fastrtps_c__visibility_control.h
[0.799s] -- Up-to-date: /home/fred/mobile_robotics/assignments/assignment1/install/assignment1/lib/libassignment1__rosidl_typesupport_fastrtps_c.so
[0.799s] -- Up-to-date: /home/fred/mobile_robotics/assignments/assignment1/install/assignment1/include/assignment1/assignment1
[0.799s] -- Up-to-date: /home/fred/mobile_robotics/assignments/assignment1/install/assignment1/include/assignment1/assignment1/action
[0.799s] -- Up-to-date: /home/fred/mobile_robotics/assignments/assignment1/install/assignment1/include/assignment1/assignment1/action/detail
[0.799s] -- Up-to-date: /home/fred/mobile_robotics/assignments/assignment1/install/assignment1/include/assignment1/assignment1/action/detail/pos__type_support.c
[0.799s] -- Up-to-date: /home/fred/mobile_robotics/assignments/assignment1/install/assignment1/include/assignment1/assignment1/action/detail/pos__rosidl_typesupport_introspection_c.h
[0.799s] -- Up-to-date: /home/fred/mobile_robotics/assignments/assignment1/install/assignment1/include/assignment1/assignment1/msg
[0.799s] -- Up-to-date: /home/fred/mobile_robotics/assignments/assignment1/install/assignment1/include/assignment1/assignment1/msg/rosidl_typesupport_introspection_c__visibility_control.h
[0.799s] -- Up-to-date: /home/fred/mobile_robotics/assignments/assignment1/install/assignment1/lib/libassignment1__rosidl_typesupport_introspection_c.so
[0.799s] -- Up-to-date: /home/fred/mobile_robotics/assignments/assignment1/install/assignment1/lib/libassignment1__rosidl_typesupport_c.so
[0.799s] -- Up-to-date: /home/fred/mobile_robotics/assignments/assignment1/install/assignment1/include/assignment1/assignment1
[0.799s] -- Up-to-date: /home/fred/mobile_robotics/assignments/assignment1/install/assignment1/include/assignment1/assignment1/action
[0.799s] -- Up-to-date: /home/fred/mobile_robotics/assignments/assignment1/install/assignment1/include/assignment1/assignment1/action/detail
[0.799s] -- Up-to-date: /home/fred/mobile_robotics/assignments/assignment1/install/assignment1/include/assignment1/assignment1/action/detail/pos__struct.hpp
[0.799s] -- Up-to-date: /home/fred/mobile_robotics/assignments/assignment1/install/assignment1/include/assignment1/assignment1/action/detail/pos__builder.hpp
[0.799s] -- Up-to-date: /home/fred/mobile_robotics/assignments/assignment1/install/assignment1/include/assignment1/assignment1/action/detail/pos__traits.hpp
[0.799s] -- Up-to-date: /home/fred/mobile_robotics/assignments/assignment1/install/assignment1/include/assignment1/assignment1/action/detail/pos__type_support.hpp
[0.799s] -- Up-to-date: /home/fred/mobile_robotics/assignments/assignment1/install/assignment1/include/assignment1/assignment1/action/pos.hpp
[0.799s] -- Up-to-date: /home/fred/mobile_robotics/assignments/assignment1/install/assignment1/include/assignment1/assignment1/msg
[0.799s] -- Up-to-date: /home/fred/mobile_robotics/assignments/assignment1/install/assignment1/include/assignment1/assignment1/msg/rosidl_generator_cpp__visibility_control.hpp
[0.799s] -- Up-to-date: /home/fred/mobile_robotics/assignments/assignment1/install/assignment1/include/assignment1/assignment1
[0.800s] -- Up-to-date: /home/fred/mobile_robotics/assignments/assignment1/install/assignment1/include/assignment1/assignment1/action
[0.800s] -- Up-to-date: /home/fred/mobile_robotics/assignments/assignment1/install/assignment1/include/assignment1/assignment1/action/detail
[0.800s] -- Up-to-date: /home/fred/mobile_robotics/assignments/assignment1/install/assignment1/include/assignment1/assignment1/action/detail/dds_fastrtps
[0.800s] -- Up-to-date: /home/fred/mobile_robotics/assignments/assignment1/install/assignment1/include/assignment1/assignment1/action/detail/pos__rosidl_typesupport_fastrtps_cpp.hpp
[0.800s] -- Up-to-date: /home/fred/mobile_robotics/assignments/assignment1/install/assignment1/include/assignment1/assignment1/msg
[0.800s] -- Up-to-date: /home/fred/mobile_robotics/assignments/assignment1/install/assignment1/include/assignment1/assignment1/msg/rosidl_typesupport_fastrtps_cpp__visibility_control.h
[0.800s] -- Up-to-date: /home/fred/mobile_robotics/assignments/assignment1/install/assignment1/lib/libassignment1__rosidl_typesupport_fastrtps_cpp.so
[0.800s] -- Up-to-date: /home/fred/mobile_robotics/assignments/assignment1/install/assignment1/include/assignment1/assignment1
[0.800s] -- Up-to-date: /home/fred/mobile_robotics/assignments/assignment1/install/assignment1/include/assignment1/assignment1/action
[0.800s] -- Up-to-date: /home/fred/mobile_robotics/assignments/assignment1/install/assignment1/include/assignment1/assignment1/action/detail
[0.800s] -- Up-to-date: /home/fred/mobile_robotics/assignments/assignment1/install/assignment1/include/assignment1/assignment1/action/detail/pos__rosidl_typesupport_introspection_cpp.hpp
[0.800s] -- Up-to-date: /home/fred/mobile_robotics/assignments/assignment1/install/assignment1/include/assignment1/assignment1/action/detail/pos__type_support.cpp
[0.800s] -- Up-to-date: /home/fred/mobile_robotics/assignments/assignment1/install/assignment1/lib/libassignment1__rosidl_typesupport_introspection_cpp.so
[0.800s] -- Up-to-date: /home/fred/mobile_robotics/assignments/assignment1/install/assignment1/lib/libassignment1__rosidl_typesupport_cpp.so
[0.800s] -- Up-to-date: /home/fred/mobile_robotics/assignments/assignment1/install/assignment1/share/assignment1/environment/pythonpath.sh
[0.800s] -- Installing: /home/fred/mobile_robotics/assignments/assignment1/install/assignment1/share/assignment1/environment/pythonpath.dsv
[0.800s] -- Up-to-date: /home/fred/mobile_robotics/assignments/assignment1/install/assignment1/local/lib/python3.10/dist-packages/assignment1-0.0.0-py3.10.egg-info
[0.800s] -- Installing: /home/fred/mobile_robotics/assignments/assignment1/install/assignment1/local/lib/python3.10/dist-packages/assignment1-0.0.0-py3.10.egg-info/dependency_links.txt
[0.800s] -- Installing: /home/fred/mobile_robotics/assignments/assignment1/install/assignment1/local/lib/python3.10/dist-packages/assignment1-0.0.0-py3.10.egg-info/PKG-INFO
[0.800s] -- Installing: /home/fred/mobile_robotics/assignments/assignment1/install/assignment1/local/lib/python3.10/dist-packages/assignment1-0.0.0-py3.10.egg-info/SOURCES.txt
[0.800s] -- Installing: /home/fred/mobile_robotics/assignments/assignment1/install/assignment1/local/lib/python3.10/dist-packages/assignment1-0.0.0-py3.10.egg-info/top_level.txt
[0.801s] -- Up-to-date: /home/fred/mobile_robotics/assignments/assignment1/install/assignment1/local/lib/python3.10/dist-packages/assignment1
[0.801s] -- Up-to-date: /home/fred/mobile_robotics/assignments/assignment1/install/assignment1/local/lib/python3.10/dist-packages/assignment1/assignment1_s__rosidl_typesupport_introspection_c.cpython-310-x86_64-linux-gnu.so
[0.801s] -- Up-to-date: /home/fred/mobile_robotics/assignments/assignment1/install/assignment1/local/lib/python3.10/dist-packages/assignment1/_assignment1_s.ep.rosidl_typesupport_introspection_c.c
[0.801s] -- Up-to-date: /home/fred/mobile_robotics/assignments/assignment1/install/assignment1/local/lib/python3.10/dist-packages/assignment1/_assignment1_s.ep.rosidl_typesupport_fastrtps_c.c
[0.801s] -- Installing: /home/fred/mobile_robotics/assignments/assignment1/install/assignment1/local/lib/python3.10/dist-packages/assignment1/__init__.py
[0.801s] -- Up-to-date: /home/fred/mobile_robotics/assignments/assignment1/install/assignment1/local/lib/python3.10/dist-packages/assignment1/assignment1_s__rosidl_typesupport_fastrtps_c.cpython-310-x86_64-linux-gnu.so
[0.801s] -- Up-to-date: /home/fred/mobile_robotics/assignments/assignment1/install/assignment1/local/lib/python3.10/dist-packages/assignment1/_assignment1_s.ep.rosidl_typesupport_c.c
[0.801s] -- Up-to-date: /home/fred/mobile_robotics/assignments/assignment1/install/assignment1/local/lib/python3.10/dist-packages/assignment1/libassignment1__rosidl_generator_py.so
[0.801s] -- Up-to-date: /home/fred/mobile_robotics/assignments/assignment1/install/assignment1/local/lib/python3.10/dist-packages/assignment1/action
[0.801s] -- Up-to-date: /home/fred/mobile_robotics/assignments/assignment1/install/assignment1/local/lib/python3.10/dist-packages/assignment1/action/__init__.py
[0.801s] -- Up-to-date: /home/fred/mobile_robotics/assignments/assignment1/install/assignment1/local/lib/python3.10/dist-packages/assignment1/action/_pos.py
[0.801s] -- Up-to-date: /home/fred/mobile_robotics/assignments/assignment1/install/assignment1/local/lib/python3.10/dist-packages/assignment1/action/_pos_s.c
[0.801s] -- Up-to-date: /home/fred/mobile_robotics/assignments/assignment1/install/assignment1/local/lib/python3.10/dist-packages/assignment1/assignment1_s__rosidl_typesupport_c.cpython-310-x86_64-linux-gnu.so
[0.818s] Listing '/home/fred/mobile_robotics/assignments/assignment1/install/assignment1/local/lib/python3.10/dist-packages/assignment1'...
[0.818s] Compiling '/home/fred/mobile_robotics/assignments/assignment1/install/assignment1/local/lib/python3.10/dist-packages/assignment1/__init__.py'...
[0.818s] Listing '/home/fred/mobile_robotics/assignments/assignment1/install/assignment1/local/lib/python3.10/dist-packages/assignment1/action'...
[0.821s] -- Up-to-date: /home/fred/mobile_robotics/assignments/assignment1/install/assignment1/local/lib/python3.10/dist-packages/assignment1/assignment1_s__rosidl_typesupport_fastrtps_c.cpython-310-x86_64-linux-gnu.so
[0.821s] -- Up-to-date: /home/fred/mobile_robotics/assignments/assignment1/install/assignment1/local/lib/python3.10/dist-packages/assignment1/assignment1_s__rosidl_typesupport_introspection_c.cpython-310-x86_64-linux-gnu.so
[0.821s] -- Up-to-date: /home/fred/mobile_robotics/assignments/assignment1/install/assignment1/local/lib/python3.10/dist-packages/assignment1/assignment1_s__rosidl_typesupport_c.cpython-310-x86_64-linux-gnu.so
[0.821s] -- Up-to-date: /home/fred/mobile_robotics/assignments/assignment1/install/assignment1/lib/libassignment1__rosidl_generator_py.so
[0.821s] -- Up-to-date: /home/fred/mobile_robotics/assignments/assignment1/install/assignment1/share/assignment1/action/Pos.idl
[0.822s] -- Up-to-date: /home/fred/mobile_robotics/assignments/assignment1/install/assignment1/share/assignment1/action/Pos.action
[0.822s] [31mCMake Error at cmake_install.cmake:367 (file):
[0.822s]   file INSTALL cannot find
[0.822s]   "/home/fred/mobile_robotics/assignments/assignment1/src/assignment1/src/action_server.py":
[0.822s]   No such file or directory.
[0.822s] 
[0.822s] [0m
[0.823s] Invoked command in '/home/fred/mobile_robotics/assignments/assignment1/build/assignment1' returned '1': CMAKE_PREFIX_PATH=${CMAKE_PREFIX_PATH}:/opt/ros/humble /usr/bin/cmake --install /home/fred/mobile_robotics/assignments/assignment1/build/assignment1
