[0.007s] Invoking command in '/home/fred/mobile_robotics/assignments/assignment1/build/assignment1': CMAKE_PREFIX_PATH=${CMAKE_PREFIX_PATH}:/opt/ros/humble /usr/bin/cmake --build /home/fred/mobile_robotics/assignments/assignment1/build/assignment1 -- -j16 -l16
[0.024s] -- Found ament_cmake: 1.3.12 (/opt/ros/humble/share/ament_cmake/cmake)
[0.101s] -- Found ament_lint_auto: 0.12.14 (/opt/ros/humble/share/ament_lint_auto/cmake)
[0.139s] -- Found rosidl_default_generators: 1.2.0 (/opt/ros/humble/share/rosidl_default_generators/cmake)
[0.140s] -- Using all available rosidl_typesupport_c: rosidl_typesupport_fastrtps_c;rosidl_typesupport_introspection_c
[0.142s] -- Found rosidl_adapter: 3.1.8 (/opt/ros/humble/share/rosidl_adapter/cmake)
[0.160s] -- Using all available rosidl_typesupport_cpp: rosidl_typesupport_fastrtps_cpp;rosidl_typesupport_introspection_cpp
[0.174s] -- Found action_msgs: 1.2.2 (/opt/ros/humble/share/action_msgs/cmake)
[0.309s] -- Found ament_cmake_ros: 0.10.0 (/opt/ros/humble/share/ament_cmake_ros/cmake)
[0.424s] -- Using all available rosidl_typesupport_c: rosidl_typesupport_fastrtps_c;rosidl_typesupport_introspection_c
[0.565s] -- Using all available rosidl_typesupport_cpp: rosidl_typesupport_fastrtps_cpp;rosidl_typesupport_introspection_cpp
[0.578s] -- Found python_cmake_module: 0.10.0 (/opt/ros/humble/share/python_cmake_module/cmake)
[0.591s] -- Using PYTHON_EXECUTABLE: /usr/bin/python3
[0.591s] -- Using PYTHON_INCLUDE_DIRS: /usr/include/python3.10
[0.591s] -- Using PYTHON_LIBRARIES: /usr/lib/x86_64-linux-gnu/libpython3.10.so
[0.601s] -- Added test 'flake8' to check Python code syntax and style conventions
[0.601s] -- Added test 'lint_cmake' to check CMake code style
[0.601s] -- Added test 'pep257' to check Python code against some of the docstring style conventions in PEP 257
[0.602s] -- Added test 'xmllint' to check XML markup files
[0.604s] -- Configuring done
[0.621s] -- Generating done
[0.628s] -- Build files have been written to: /home/fred/mobile_robotics/assignments/assignment1/build/assignment1
[0.645s] [35m[1mConsolidate compiler generated dependencies of target assignment1__rosidl_generator_c[0m
[0.650s] [  3%] Built target assignment1__cpp
[0.652s] [ 12%] Built target assignment1__rosidl_generator_c
[0.655s] [ 12%] Built target ament_cmake_python_copy_assignment1
[0.656s] [35m[1mConsolidate compiler generated dependencies of target assignment1__rosidl_typesupport_fastrtps_cpp[0m
[0.656s] [35m[1mConsolidate compiler generated dependencies of target assignment1__rosidl_typesupport_introspection_cpp[0m
[0.656s] [35m[1mConsolidate compiler generated dependencies of target assignment1__rosidl_typesupport_cpp[0m
[0.657s] [35m[1mConsolidate compiler generated dependencies of target assignment1__rosidl_typesupport_fastrtps_c[0m
[0.658s] [35m[1mConsolidate compiler generated dependencies of target assignment1__rosidl_typesupport_introspection_c[0m
[0.658s] [35m[1mConsolidate compiler generated dependencies of target assignment1__rosidl_typesupport_c[0m
[0.663s] [ 22%] Built target assignment1__rosidl_typesupport_introspection_cpp
[0.664s] [ 41%] Built target assignment1__rosidl_typesupport_cpp
[0.664s] [ 41%] Built target assignment1__rosidl_typesupport_introspection_c
[0.664s] [ 51%] Built target assignment1__rosidl_typesupport_c
[0.664s] [ 61%] Built target assignment1__rosidl_typesupport_fastrtps_cpp
[0.664s] [ 70%] Built target assignment1__rosidl_typesupport_fastrtps_c
[0.676s] [ 70%] Built target assignment1
[0.689s] [ 74%] Built target assignment1__py
[0.696s] [35m[1mConsolidate compiler generated dependencies of target assignment1__rosidl_generator_py[0m
[0.705s] [ 80%] Built target assignment1__rosidl_generator_py
[0.711s] [35m[1mConsolidate compiler generated dependencies of target assignment1__rosidl_typesupport_c__pyext[0m
[0.711s] [35m[1mConsolidate compiler generated dependencies of target assignment1__rosidl_typesupport_fastrtps_c__pyext[0m
[0.712s] [35m[1mConsolidate compiler generated dependencies of target assignment1__rosidl_typesupport_introspection_c__pyext[0m
[0.719s] [ 93%] Built target assignment1__rosidl_typesupport_fastrtps_c__pyext
[0.719s] [ 93%] Built target assignment1__rosidl_typesupport_c__pyext
[0.719s] [100%] Built target assignment1__rosidl_typesupport_introspection_c__pyext
[0.771s] running egg_info
[0.771s] writing assignment1.egg-info/PKG-INFO
[0.771s] writing dependency_links to assignment1.egg-info/dependency_links.txt
[0.771s] writing top-level names to assignment1.egg-info/top_level.txt
[0.772s] reading manifest file 'assignment1.egg-info/SOURCES.txt'
[0.773s] writing manifest file 'assignment1.egg-info/SOURCES.txt'
[0.789s] [100%] Built target ament_cmake_python_build_assignment1_egg
[0.797s] Invoked command in '/home/fred/mobile_robotics/assignments/assignment1/build/assignment1' returned '0': CMAKE_PREFIX_PATH=${CMAKE_PREFIX_PATH}:/opt/ros/humble /usr/bin/cmake --build /home/fred/mobile_robotics/assignments/assignment1/build/assignment1 -- -j16 -l16
[0.804s] Invoking command in '/home/fred/mobile_robotics/assignments/assignment1/build/assignment1': CMAKE_PREFIX_PATH=${CMAKE_PREFIX_PATH}:/opt/ros/humble /usr/bin/cmake --install /home/fred/mobile_robotics/assignments/assignment1/build/assignment1
[0.808s] -- Install configuration: ""
[0.808s] -- Up-to-date: /home/fred/mobile_robotics/assignments/assignment1/install/assignment1/share/ament_index/resource_index/rosidl_interfaces/assignment1
[0.808s] -- Up-to-date: /home/fred/mobile_robotics/assignments/assignment1/install/assignment1/include/assignment1/assignment1
[0.808s] -- Up-to-date: /home/fred/mobile_robotics/assignments/assignment1/install/assignment1/include/assignment1/assignment1/action
[0.808s] -- Up-to-date: /home/fred/mobile_robotics/assignments/assignment1/install/assignment1/include/assignment1/assignment1/action/pos.h
[0.809s] -- Up-to-date: /home/fred/mobile_robotics/assignments/assignment1/install/assignment1/include/assignment1/assignment1/action/detail
[0.809s] -- Up-to-date: /home/fred/mobile_robotics/assignments/assignment1/install/assignment1/include/assignment1/assignment1/action/detail/pos__struct.h
[0.809s] -- Up-to-date: /home/fred/mobile_robotics/assignments/assignment1/install/assignment1/include/assignment1/assignment1/action/detail/pos__type_support.h
[0.809s] -- Up-to-date: /home/fred/mobile_robotics/assignments/assignment1/install/assignment1/include/assignment1/assignment1/action/detail/pos__functions.h
[0.809s] -- Up-to-date: /home/fred/mobile_robotics/assignments/assignment1/install/assignment1/include/assignment1/assignment1/action/detail/pos__functions.c
[0.809s] -- Up-to-date: /home/fred/mobile_robotics/assignments/assignment1/install/assignment1/include/assignment1/assignment1/msg
[0.809s] -- Up-to-date: /home/fred/mobile_robotics/assignments/assignment1/install/assignment1/include/assignment1/assignment1/msg/rosidl_generator_c__visibility_control.h
[0.809s] -- Up-to-date: /home/fred/mobile_robotics/assignments/assignment1/install/assignment1/share/assignment1/environment/library_path.sh
[0.809s] -- Installing: /home/fred/mobile_robotics/assignments/assignment1/install/assignment1/share/assignment1/environment/library_path.dsv
[0.809s] -- Up-to-date: /home/fred/mobile_robotics/assignments/assignment1/install/assignment1/lib/libassignment1__rosidl_generator_c.so
[0.809s] -- Up-to-date: /home/fred/mobile_robotics/assignments/assignment1/install/assignment1/include/assignment1/assignment1
[0.809s] -- Up-to-date: /home/fred/mobile_robotics/assignments/assignment1/install/assignment1/include/assignment1/assignment1/action
[0.809s] -- Up-to-date: /home/fred/mobile_robotics/assignments/assignment1/install/assignment1/include/assignment1/assignment1/action/detail
[0.809s] -- Up-to-date: /home/fred/mobile_robotics/assignments/assignment1/install/assignment1/include/assignment1/assignment1/action/detail/pos__rosidl_typesupport_fastrtps_c.h
[0.809s] -- Up-to-date: /home/fred/mobile_robotics/assignments/assignment1/install/assignment1/include/assignment1/assignment1/msg
[0.809s] -- Up-to-date: /home/fred/mobile_robotics/assignments/assignment1/install/assignment1/include/assignment1/assignment1/msg/rosidl_typesupport_fastrtps_c__visibility_control.h
[0.809s] -- Up-to-date: /home/fred/mobile_robotics/assignments/assignment1/install/assignment1/lib/libassignment1__rosidl_typesupport_fastrtps_c.so
[0.809s] -- Up-to-date: /home/fred/mobile_robotics/assignments/assignment1/install/assignment1/include/assignment1/assignment1
[0.809s] -- Up-to-date: /home/fred/mobile_robotics/assignments/assignment1/install/assignment1/include/assignment1/assignment1/action
[0.809s] -- Up-to-date: /home/fred/mobile_robotics/assignments/assignment1/install/assignment1/include/assignment1/assignment1/action/detail
[0.809s] -- Up-to-date: /home/fred/mobile_robotics/assignments/assignment1/install/assignment1/include/assignment1/assignment1/action/detail/pos__type_support.c
[0.809s] -- Up-to-date: /home/fred/mobile_robotics/assignments/assignment1/install/assignment1/include/assignment1/assignment1/action/detail/pos__rosidl_typesupport_introspection_c.h
[0.809s] -- Up-to-date: /home/fred/mobile_robotics/assignments/assignment1/install/assignment1/include/assignment1/assignment1/msg
[0.809s] -- Up-to-date: /home/fred/mobile_robotics/assignments/assignment1/install/assignment1/include/assignment1/assignment1/msg/rosidl_typesupport_introspection_c__visibility_control.h
[0.809s] -- Up-to-date: /home/fred/mobile_robotics/assignments/assignment1/install/assignment1/lib/libassignment1__rosidl_typesupport_introspection_c.so
[0.809s] -- Up-to-date: /home/fred/mobile_robotics/assignments/assignment1/install/assignment1/lib/libassignment1__rosidl_typesupport_c.so
[0.810s] -- Up-to-date: /home/fred/mobile_robotics/assignments/assignment1/install/assignment1/include/assignment1/assignment1
[0.810s] -- Up-to-date: /home/fred/mobile_robotics/assignments/assignment1/install/assignment1/include/assignment1/assignment1/action
[0.810s] -- Up-to-date: /home/fred/mobile_robotics/assignments/assignment1/install/assignment1/include/assignment1/assignment1/action/detail
[0.810s] -- Up-to-date: /home/fred/mobile_robotics/assignments/assignment1/install/assignment1/include/assignment1/assignment1/action/detail/pos__struct.hpp
[0.810s] -- Up-to-date: /home/fred/mobile_robotics/assignments/assignment1/install/assignment1/include/assignment1/assignment1/action/detail/pos__builder.hpp
[0.810s] -- Up-to-date: /home/fred/mobile_robotics/assignments/assignment1/install/assignment1/include/assignment1/assignment1/action/detail/pos__traits.hpp
[0.810s] -- Up-to-date: /home/fred/mobile_robotics/assignments/assignment1/install/assignment1/include/assignment1/assignment1/action/detail/pos__type_support.hpp
[0.810s] -- Up-to-date: /home/fred/mobile_robotics/assignments/assignment1/install/assignment1/include/assignment1/assignment1/action/pos.hpp
[0.810s] -- Up-to-date: /home/fred/mobile_robotics/assignments/assignment1/install/assignment1/include/assignment1/assignment1/msg
[0.810s] -- Up-to-date: /home/fred/mobile_robotics/assignments/assignment1/install/assignment1/include/assignment1/assignment1/msg/rosidl_generator_cpp__visibility_control.hpp
[0.810s] -- Up-to-date: /home/fred/mobile_robotics/assignments/assignment1/install/assignment1/include/assignment1/assignment1
[0.810s] -- Up-to-date: /home/fred/mobile_robotics/assignments/assignment1/install/assignment1/include/assignment1/assignment1/action
[0.810s] -- Up-to-date: /home/fred/mobile_robotics/assignments/assignment1/install/assignment1/include/assignment1/assignment1/action/detail
[0.810s] -- Up-to-date: /home/fred/mobile_robotics/assignments/assignment1/install/assignment1/include/assignment1/assignment1/action/detail/dds_fastrtps
[0.810s] -- Up-to-date: /home/fred/mobile_robotics/assignments/assignment1/install/assignment1/include/assignment1/assignment1/action/detail/pos__rosidl_typesupport_fastrtps_cpp.hpp
[0.810s] -- Up-to-date: /home/fred/mobile_robotics/assignments/assignment1/install/assignment1/include/assignment1/assignment1/msg
[0.810s] -- Up-to-date: /home/fred/mobile_robotics/assignments/assignment1/install/assignment1/include/assignment1/assignment1/msg/rosidl_typesupport_fastrtps_cpp__visibility_control.h
[0.810s] -- Up-to-date: /home/fred/mobile_robotics/assignments/assignment1/install/assignment1/lib/libassignment1__rosidl_typesupport_fastrtps_cpp.so
[0.810s] -- Up-to-date: /home/fred/mobile_robotics/assignments/assignment1/install/assignment1/include/assignment1/assignment1
[0.810s] -- Up-to-date: /home/fred/mobile_robotics/assignments/assignment1/install/assignment1/include/assignment1/assignment1/action
[0.810s] -- Up-to-date: /home/fred/mobile_robotics/assignments/assignment1/install/assignment1/include/assignment1/assignment1/action/detail
[0.810s] -- Up-to-date: /home/fred/mobile_robotics/assignments/assignment1/install/assignment1/include/assignment1/assignment1/action/detail/pos__rosidl_typesupport_introspection_cpp.hpp
[0.810s] -- Up-to-date: /home/fred/mobile_robotics/assignments/assignment1/install/assignment1/include/assignment1/assignment1/action/detail/pos__type_support.cpp
[0.810s] -- Up-to-date: /home/fred/mobile_robotics/assignments/assignment1/install/assignment1/lib/libassignment1__rosidl_typesupport_introspection_cpp.so
[0.811s] -- Up-to-date: /home/fred/mobile_robotics/assignments/assignment1/install/assignment1/lib/libassignment1__rosidl_typesupport_cpp.so
[0.811s] -- Up-to-date: /home/fred/mobile_robotics/assignments/assignment1/install/assignment1/share/assignment1/environment/pythonpath.sh
[0.811s] -- Installing: /home/fred/mobile_robotics/assignments/assignment1/install/assignment1/share/assignment1/environment/pythonpath.dsv
[0.811s] -- Up-to-date: /home/fred/mobile_robotics/assignments/assignment1/install/assignment1/local/lib/python3.10/dist-packages/assignment1-0.0.0-py3.10.egg-info
[0.811s] -- Installing: /home/fred/mobile_robotics/assignments/assignment1/install/assignment1/local/lib/python3.10/dist-packages/assignment1-0.0.0-py3.10.egg-info/dependency_links.txt
[0.811s] -- Installing: /home/fred/mobile_robotics/assignments/assignment1/install/assignment1/local/lib/python3.10/dist-packages/assignment1-0.0.0-py3.10.egg-info/PKG-INFO
[0.811s] -- Installing: /home/fred/mobile_robotics/assignments/assignment1/install/assignment1/local/lib/python3.10/dist-packages/assignment1-0.0.0-py3.10.egg-info/SOURCES.txt
[0.811s] -- Installing: /home/fred/mobile_robotics/assignments/assignment1/install/assignment1/local/lib/python3.10/dist-packages/assignment1-0.0.0-py3.10.egg-info/top_level.txt
[0.811s] -- Up-to-date: /home/fred/mobile_robotics/assignments/assignment1/install/assignment1/local/lib/python3.10/dist-packages/assignment1
[0.811s] -- Up-to-date: /home/fred/mobile_robotics/assignments/assignment1/install/assignment1/local/lib/python3.10/dist-packages/assignment1/assignment1_s__rosidl_typesupport_introspection_c.cpython-310-x86_64-linux-gnu.so
[0.811s] -- Up-to-date: /home/fred/mobile_robotics/assignments/assignment1/install/assignment1/local/lib/python3.10/dist-packages/assignment1/_assignment1_s.ep.rosidl_typesupport_introspection_c.c
[0.811s] -- Up-to-date: /home/fred/mobile_robotics/assignments/assignment1/install/assignment1/local/lib/python3.10/dist-packages/assignment1/_assignment1_s.ep.rosidl_typesupport_fastrtps_c.c
[0.811s] -- Installing: /home/fred/mobile_robotics/assignments/assignment1/install/assignment1/local/lib/python3.10/dist-packages/assignment1/__init__.py
[0.811s] -- Up-to-date: /home/fred/mobile_robotics/assignments/assignment1/install/assignment1/local/lib/python3.10/dist-packages/assignment1/assignment1_s__rosidl_typesupport_fastrtps_c.cpython-310-x86_64-linux-gnu.so
[0.811s] -- Up-to-date: /home/fred/mobile_robotics/assignments/assignment1/install/assignment1/local/lib/python3.10/dist-packages/assignment1/_assignment1_s.ep.rosidl_typesupport_c.c
[0.811s] -- Up-to-date: /home/fred/mobile_robotics/assignments/assignment1/install/assignment1/local/lib/python3.10/dist-packages/assignment1/libassignment1__rosidl_generator_py.so
[0.811s] -- Up-to-date: /home/fred/mobile_robotics/assignments/assignment1/install/assignment1/local/lib/python3.10/dist-packages/assignment1/action
[0.811s] -- Up-to-date: /home/fred/mobile_robotics/assignments/assignment1/install/assignment1/local/lib/python3.10/dist-packages/assignment1/action/__init__.py
[0.811s] -- Up-to-date: /home/fred/mobile_robotics/assignments/assignment1/install/assignment1/local/lib/python3.10/dist-packages/assignment1/action/_pos.py
[0.811s] -- Up-to-date: /home/fred/mobile_robotics/assignments/assignment1/install/assignment1/local/lib/python3.10/dist-packages/assignment1/action/_pos_s.c
[0.812s] -- Up-to-date: /home/fred/mobile_robotics/assignments/assignment1/install/assignment1/local/lib/python3.10/dist-packages/assignment1/assignment1_s__rosidl_typesupport_c.cpython-310-x86_64-linux-gnu.so
[0.828s] Listing '/home/fred/mobile_robotics/assignments/assignment1/install/assignment1/local/lib/python3.10/dist-packages/assignment1'...
[0.828s] Compiling '/home/fred/mobile_robotics/assignments/assignment1/install/assignment1/local/lib/python3.10/dist-packages/assignment1/__init__.py'...
[0.828s] Listing '/home/fred/mobile_robotics/assignments/assignment1/install/assignment1/local/lib/python3.10/dist-packages/assignment1/action'...
[0.830s] -- Up-to-date: /home/fred/mobile_robotics/assignments/assignment1/install/assignment1/local/lib/python3.10/dist-packages/assignment1/assignment1_s__rosidl_typesupport_fastrtps_c.cpython-310-x86_64-linux-gnu.so
[0.831s] -- Up-to-date: /home/fred/mobile_robotics/assignments/assignment1/install/assignment1/local/lib/python3.10/dist-packages/assignment1/assignment1_s__rosidl_typesupport_introspection_c.cpython-310-x86_64-linux-gnu.so
[0.831s] -- Up-to-date: /home/fred/mobile_robotics/assignments/assignment1/install/assignment1/local/lib/python3.10/dist-packages/assignment1/assignment1_s__rosidl_typesupport_c.cpython-310-x86_64-linux-gnu.so
[0.831s] -- Up-to-date: /home/fred/mobile_robotics/assignments/assignment1/install/assignment1/lib/libassignment1__rosidl_generator_py.so
[0.831s] -- Up-to-date: /home/fred/mobile_robotics/assignments/assignment1/install/assignment1/share/assignment1/action/Pos.idl
[0.831s] -- Up-to-date: /home/fred/mobile_robotics/assignments/assignment1/install/assignment1/share/assignment1/action/Pos.action
[0.831s] -- Installing: /home/fred/mobile_robotics/assignments/assignment1/install/assignment1/lib/assignment1/pos_action_server.py
[0.831s] -- Installing: /home/fred/mobile_robotics/assignments/assignment1/install/assignment1/lib/assignment1/pos_action_client.py
[0.831s] -- Up-to-date: /home/fred/mobile_robotics/assignments/assignment1/install/assignment1/share/ament_index/resource_index/package_run_dependencies/assignment1
[0.831s] -- Installing: /home/fred/mobile_robotics/assignments/assignment1/install/assignment1/share/ament_index/resource_index/parent_prefix_path/assignment1
[0.832s] -- Up-to-date: /home/fred/mobile_robotics/assignments/assignment1/install/assignment1/share/assignment1/environment/ament_prefix_path.sh
[0.832s] -- Installing: /home/fred/mobile_robotics/assignments/assignment1/install/assignment1/share/assignment1/environment/ament_prefix_path.dsv
[0.832s] -- Up-to-date: /home/fred/mobile_robotics/assignments/assignment1/install/assignment1/share/assignment1/environment/path.sh
[0.832s] -- Installing: /home/fred/mobile_robotics/assignments/assignment1/install/assignment1/share/assignment1/environment/path.dsv
[0.832s] -- Up-to-date: /home/fred/mobile_robotics/assignments/assignment1/install/assignment1/share/assignment1/local_setup.bash
[0.832s] -- Up-to-date: /home/fred/mobile_robotics/assignments/assignment1/install/assignment1/share/assignment1/local_setup.sh
[0.832s] -- Up-to-date: /home/fred/mobile_robotics/assignments/assignment1/install/assignment1/share/assignment1/local_setup.zsh
[0.832s] -- Installing: /home/fred/mobile_robotics/assignments/assignment1/install/assignment1/share/assignment1/local_setup.dsv
[0.832s] -- Installing: /home/fred/mobile_robotics/assignments/assignment1/install/assignment1/share/assignment1/package.dsv
[0.832s] -- Up-to-date: /home/fred/mobile_robotics/assignments/assignment1/install/assignment1/share/ament_index/resource_index/packages/assignment1
[0.832s] -- Up-to-date: /home/fred/mobile_robotics/assignments/assignment1/install/assignment1/share/assignment1/cmake/export_assignment1__rosidl_generator_cExport.cmake
[0.832s] -- Up-to-date: /home/fred/mobile_robotics/assignments/assignment1/install/assignment1/share/assignment1/cmake/export_assignment1__rosidl_generator_cExport-noconfig.cmake
[0.832s] -- Up-to-date: /home/fred/mobile_robotics/assignments/assignment1/install/assignment1/share/assignment1/cmake/export_assignment1__rosidl_typesupport_fastrtps_cExport.cmake
[0.832s] -- Up-to-date: /home/fred/mobile_robotics/assignments/assignment1/install/assignment1/share/assignment1/cmake/export_assignment1__rosidl_typesupport_fastrtps_cExport-noconfig.cmake
[0.833s] -- Up-to-date: /home/fred/mobile_robotics/assignments/assignment1/install/assignment1/share/assignment1/cmake/assignment1__rosidl_typesupport_introspection_cExport.cmake
[0.833s] -- Up-to-date: /home/fred/mobile_robotics/assignments/assignment1/install/assignment1/share/assignment1/cmake/assignment1__rosidl_typesupport_introspection_cExport-noconfig.cmake
[0.833s] -- Up-to-date: /home/fred/mobile_robotics/assignments/assignment1/install/assignment1/share/assignment1/cmake/assignment1__rosidl_typesupport_cExport.cmake
[0.833s] -- Up-to-date: /home/fred/mobile_robotics/assignments/assignment1/install/assignment1/share/assignment1/cmake/assignment1__rosidl_typesupport_cExport-noconfig.cmake
[0.833s] -- Up-to-date: /home/fred/mobile_robotics/assignments/assignment1/install/assignment1/share/assignment1/cmake/export_assignment1__rosidl_generator_cppExport.cmake
[0.833s] -- Up-to-date: /home/fred/mobile_robotics/assignments/assignment1/install/assignment1/share/assignment1/cmake/export_assignment1__rosidl_typesupport_fastrtps_cppExport.cmake
[0.833s] -- Up-to-date: /home/fred/mobile_robotics/assignments/assignment1/install/assignment1/share/assignment1/cmake/export_assignment1__rosidl_typesupport_fastrtps_cppExport-noconfig.cmake
[0.833s] -- Up-to-date: /home/fred/mobile_robotics/assignments/assignment1/install/assignment1/share/assignment1/cmake/assignment1__rosidl_typesupport_introspection_cppExport.cmake
[0.833s] -- Up-to-date: /home/fred/mobile_robotics/assignments/assignment1/install/assignment1/share/assignment1/cmake/assignment1__rosidl_typesupport_introspection_cppExport-noconfig.cmake
[0.833s] -- Up-to-date: /home/fred/mobile_robotics/assignments/assignment1/install/assignment1/share/assignment1/cmake/assignment1__rosidl_typesupport_cppExport.cmake
[0.833s] -- Up-to-date: /home/fred/mobile_robotics/assignments/assignment1/install/assignment1/share/assignment1/cmake/assignment1__rosidl_typesupport_cppExport-noconfig.cmake
[0.833s] -- Up-to-date: /home/fred/mobile_robotics/assignments/assignment1/install/assignment1/share/assignment1/cmake/export_assignment1__rosidl_generator_pyExport.cmake
[0.833s] -- Up-to-date: /home/fred/mobile_robotics/assignments/assignment1/install/assignment1/share/assignment1/cmake/export_assignment1__rosidl_generator_pyExport-noconfig.cmake
[0.833s] -- Up-to-date: /home/fred/mobile_robotics/assignments/assignment1/install/assignment1/share/assignment1/cmake/rosidl_cmake-extras.cmake
[0.833s] -- Installing: /home/fred/mobile_robotics/assignments/assignment1/install/assignment1/share/assignment1/cmake/ament_cmake_export_dependencies-extras.cmake
[0.833s] -- Up-to-date: /home/fred/mobile_robotics/assignments/assignment1/install/assignment1/share/assignment1/cmake/ament_cmake_export_include_directories-extras.cmake
[0.833s] -- Up-to-date: /home/fred/mobile_robotics/assignments/assignment1/install/assignment1/share/assignment1/cmake/ament_cmake_export_libraries-extras.cmake
[0.833s] -- Up-to-date: /home/fred/mobile_robotics/assignments/assignment1/install/assignment1/share/assignment1/cmake/ament_cmake_export_targets-extras.cmake
[0.833s] -- Up-to-date: /home/fred/mobile_robotics/assignments/assignment1/install/assignment1/share/assignment1/cmake/rosidl_cmake_export_typesupport_targets-extras.cmake
[0.833s] -- Up-to-date: /home/fred/mobile_robotics/assignments/assignment1/install/assignment1/share/assignment1/cmake/rosidl_cmake_export_typesupport_libraries-extras.cmake
[0.833s] -- Up-to-date: /home/fred/mobile_robotics/assignments/assignment1/install/assignment1/share/assignment1/cmake/assignment1Config.cmake
[0.833s] -- Up-to-date: /home/fred/mobile_robotics/assignments/assignment1/install/assignment1/share/assignment1/cmake/assignment1Config-version.cmake
[0.833s] -- Installing: /home/fred/mobile_robotics/assignments/assignment1/install/assignment1/share/assignment1/package.xml
[0.835s] Invoked command in '/home/fred/mobile_robotics/assignments/assignment1/build/assignment1' returned '0': CMAKE_PREFIX_PATH=${CMAKE_PREFIX_PATH}:/opt/ros/humble /usr/bin/cmake --install /home/fred/mobile_robotics/assignments/assignment1/build/assignment1
