-- Found ament_cmake: 1.3.12 (/opt/ros/humble/share/ament_cmake/cmake)
-- Found ament_lint_auto: 0.12.14 (/opt/ros/humble/share/ament_lint_auto/cmake)
-- Found rosidl_default_generators: 1.2.0 (/opt/ros/humble/share/rosidl_default_generators/cmake)
-- Using all available rosidl_typesupport_c: rosidl_typesupport_fastrtps_c;rosidl_typesupport_introspection_c
-- Found rosidl_adapter: 3.1.8 (/opt/ros/humble/share/rosidl_adapter/cmake)
-- Using all available rosidl_typesupport_cpp: rosidl_typesupport_fastrtps_cpp;rosidl_typesupport_introspection_cpp
-- Found ament_cmake_ros: 0.10.0 (/opt/ros/humble/share/ament_cmake_ros/cmake)
-- Using all available rosidl_typesupport_c: rosidl_typesupport_fastrtps_c;rosidl_typesupport_introspection_c
-- Using all available rosidl_typesupport_cpp: rosidl_typesupport_fastrtps_cpp;rosidl_typesupport_introspection_cpp
-- Found PythonInterp: /usr/bin/python3 (found suitable version "3.10.12", minimum required is "3.6") 
-- Found python_cmake_module: 0.10.0 (/opt/ros/humble/share/python_cmake_module/cmake)
-- Found PythonLibs: /usr/lib/x86_64-linux-gnu/libpython3.10.so (found suitable version "3.10.12", minimum required is "3.5") 
-- Using PYTHON_EXECUTABLE: /usr/bin/python3
-- Using PYTHON_INCLUDE_DIRS: /usr/include/python3.10
-- Using PYTHON_LIBRARIES: /usr/lib/x86_64-linux-gnu/libpython3.10.so
-- Found PythonExtra: .so  
-- Added test 'lint_cmake' to check CMake code style
-- Added test 'xmllint' to check XML markup files
-- Configuring done
-- Generating done
-- Build files have been written to: /home/fred/mobile_robotics/assignments/assignment1/build/assignment1
[  3%] [34m[1mGenerating C code for ROS interfaces[0m
[  6%] [34m[1mGenerating C++ code for ROS interfaces[0m
[  6%] Built target ament_cmake_python_copy_assignment1
running egg_info
creating assignment1.egg-info
writing assignment1.egg-info/PKG-INFO
writing dependency_links to assignment1.egg-info/dependency_links.txt
writing top-level names to assignment1.egg-info/top_level.txt
writing manifest file 'assignment1.egg-info/SOURCES.txt'
reading manifest file 'assignment1.egg-info/SOURCES.txt'
writing manifest file 'assignment1.egg-info/SOURCES.txt'
[  6%] Built target ament_cmake_python_build_assignment1_egg
[  9%] [32mBuilding C object CMakeFiles/assignment1__rosidl_generator_c.dir/rosidl_generator_c/assignment1/action/detail/pos__functions.c.o[0m
[  9%] Built target assignment1__cpp
[ 12%] [34m[1mGenerating C++ introspection for ROS interfaces[0m
[ 16%] [34m[1mGenerating C++ type support for eProsima Fast-RTPS[0m
[ 19%] [34m[1mGenerating C++ type support dispatch for ROS interfaces[0m
[ 22%] [32m[1mLinking C shared library libassignment1__rosidl_generator_c.so[0m
[ 22%] Built target assignment1__rosidl_generator_c
[ 25%] [34m[1mGenerating C type support for eProsima Fast-RTPS[0m
[ 32%] [34m[1mGenerating C type support dispatch for ROS interfaces[0m
[ 32%] [34m[1mGenerating C introspection for ROS interfaces[0m
[ 35%] [32mBuilding CXX object CMakeFiles/assignment1__rosidl_typesupport_cpp.dir/rosidl_typesupport_cpp/assignment1/action/pos__type_support.cpp.o[0m
[ 38%] [32mBuilding CXX object CMakeFiles/assignment1__rosidl_typesupport_introspection_cpp.dir/rosidl_typesupport_introspection_cpp/assignment1/action/detail/pos__type_support.cpp.o[0m
[ 41%] [32mBuilding CXX object CMakeFiles/assignment1__rosidl_typesupport_fastrtps_cpp.dir/rosidl_typesupport_fastrtps_cpp/assignment1/action/detail/dds_fastrtps/pos__type_support.cpp.o[0m
[ 45%] [32mBuilding CXX object CMakeFiles/assignment1__rosidl_typesupport_c.dir/rosidl_typesupport_c/assignment1/action/pos__type_support.cpp.o[0m
[ 48%] [32m[1mLinking CXX shared library libassignment1__rosidl_typesupport_c.so[0m
[ 51%] [32mBuilding C object CMakeFiles/assignment1__rosidl_typesupport_introspection_c.dir/rosidl_typesupport_introspection_c/assignment1/action/detail/pos__type_support.c.o[0m
[ 54%] [32mBuilding CXX object CMakeFiles/assignment1__rosidl_typesupport_fastrtps_c.dir/rosidl_typesupport_fastrtps_c/assignment1/action/detail/pos__type_support_c.cpp.o[0m
[ 54%] Built target assignment1__rosidl_typesupport_c
[ 58%] [32m[1mLinking C shared library libassignment1__rosidl_typesupport_introspection_c.so[0m
[ 58%] Built target assignment1__rosidl_typesupport_introspection_c
[ 61%] [32m[1mLinking CXX shared library libassignment1__rosidl_typesupport_cpp.so[0m
[ 61%] Built target assignment1__rosidl_typesupport_cpp
[ 64%] [32m[1mLinking CXX shared library libassignment1__rosidl_typesupport_introspection_cpp.so[0m
[ 67%] [32m[1mLinking CXX shared library libassignment1__rosidl_typesupport_fastrtps_cpp.so[0m
[ 70%] [32m[1mLinking CXX shared library libassignment1__rosidl_typesupport_fastrtps_c.so[0m
[ 70%] Built target assignment1__rosidl_typesupport_introspection_cpp
[ 70%] Built target assignment1__rosidl_typesupport_fastrtps_cpp
[ 70%] Built target assignment1__rosidl_typesupport_fastrtps_c
[ 70%] Built target assignment1
[ 74%] [34m[1mGenerating Python code for ROS interfaces[0m
[ 74%] Built target assignment1__py
[ 77%] [32mBuilding C object CMakeFiles/assignment1__rosidl_generator_py.dir/rosidl_generator_py/assignment1/action/_pos_s.c.o[0m
[ 80%] [32m[1mLinking C shared library rosidl_generator_py/assignment1/libassignment1__rosidl_generator_py.so[0m
[ 80%] Built target assignment1__rosidl_generator_py
[ 83%] [32mBuilding C object CMakeFiles/assignment1__rosidl_typesupport_introspection_c__pyext.dir/rosidl_generator_py/assignment1/_assignment1_s.ep.rosidl_typesupport_introspection_c.c.o[0m
[ 87%] [32mBuilding C object CMakeFiles/assignment1__rosidl_typesupport_c__pyext.dir/rosidl_generator_py/assignment1/_assignment1_s.ep.rosidl_typesupport_c.c.o[0m
[ 90%] [32mBuilding C object CMakeFiles/assignment1__rosidl_typesupport_fastrtps_c__pyext.dir/rosidl_generator_py/assignment1/_assignment1_s.ep.rosidl_typesupport_fastrtps_c.c.o[0m
[100%] [32m[1mLinking C shared library rosidl_generator_py/assignment1/assignment1_s__rosidl_typesupport_introspection_c.cpython-310-x86_64-linux-gnu.so[0m
[100%] [32m[1mLinking C shared library rosidl_generator_py/assignment1/assignment1_s__rosidl_typesupport_fastrtps_c.cpython-310-x86_64-linux-gnu.so[0m
[100%] [32m[1mLinking C shared library rosidl_generator_py/assignment1/assignment1_s__rosidl_typesupport_c.cpython-310-x86_64-linux-gnu.so[0m
[100%] Built target assignment1__rosidl_typesupport_fastrtps_c__pyext
[100%] Built target assignment1__rosidl_typesupport_c__pyext
[100%] Built target assignment1__rosidl_typesupport_introspection_c__pyext
-- Install configuration: ""
-- Installing: /home/fred/mobile_robotics/assignments/assignment1/install/assignment1/share/ament_index/resource_index/rosidl_interfaces/assignment1
-- Installing: /home/fred/mobile_robotics/assignments/assignment1/install/assignment1/include/assignment1/assignment1
-- Installing: /home/fred/mobile_robotics/assignments/assignment1/install/assignment1/include/assignment1/assignment1/action
-- Installing: /home/fred/mobile_robotics/assignments/assignment1/install/assignment1/include/assignment1/assignment1/action/pos.h
-- Installing: /home/fred/mobile_robotics/assignments/assignment1/install/assignment1/include/assignment1/assignment1/action/detail
-- Installing: /home/fred/mobile_robotics/assignments/assignment1/install/assignment1/include/assignment1/assignment1/action/detail/pos__struct.h
-- Installing: /home/fred/mobile_robotics/assignments/assignment1/install/assignment1/include/assignment1/assignment1/action/detail/pos__type_support.h
-- Installing: /home/fred/mobile_robotics/assignments/assignment1/install/assignment1/include/assignment1/assignment1/action/detail/pos__functions.h
-- Installing: /home/fred/mobile_robotics/assignments/assignment1/install/assignment1/include/assignment1/assignment1/action/detail/pos__functions.c
-- Installing: /home/fred/mobile_robotics/assignments/assignment1/install/assignment1/include/assignment1/assignment1/msg
-- Installing: /home/fred/mobile_robotics/assignments/assignment1/install/assignment1/include/assignment1/assignment1/msg/rosidl_generator_c__visibility_control.h
-- Installing: /home/fred/mobile_robotics/assignments/assignment1/install/assignment1/share/assignment1/environment/library_path.sh
-- Installing: /home/fred/mobile_robotics/assignments/assignment1/install/assignment1/share/assignment1/environment/library_path.dsv
-- Installing: /home/fred/mobile_robotics/assignments/assignment1/install/assignment1/lib/libassignment1__rosidl_generator_c.so
-- Set runtime path of "/home/fred/mobile_robotics/assignments/assignment1/install/assignment1/lib/libassignment1__rosidl_generator_c.so" to ""
-- Up-to-date: /home/fred/mobile_robotics/assignments/assignment1/install/assignment1/include/assignment1/assignment1
-- Up-to-date: /home/fred/mobile_robotics/assignments/assignment1/install/assignment1/include/assignment1/assignment1/action
-- Up-to-date: /home/fred/mobile_robotics/assignments/assignment1/install/assignment1/include/assignment1/assignment1/action/detail
-- Installing: /home/fred/mobile_robotics/assignments/assignment1/install/assignment1/include/assignment1/assignment1/action/detail/pos__rosidl_typesupport_fastrtps_c.h
-- Up-to-date: /home/fred/mobile_robotics/assignments/assignment1/install/assignment1/include/assignment1/assignment1/msg
-- Installing: /home/fred/mobile_robotics/assignments/assignment1/install/assignment1/include/assignment1/assignment1/msg/rosidl_typesupport_fastrtps_c__visibility_control.h
-- Installing: /home/fred/mobile_robotics/assignments/assignment1/install/assignment1/lib/libassignment1__rosidl_typesupport_fastrtps_c.so
-- Set runtime path of "/home/fred/mobile_robotics/assignments/assignment1/install/assignment1/lib/libassignment1__rosidl_typesupport_fastrtps_c.so" to ""
-- Up-to-date: /home/fred/mobile_robotics/assignments/assignment1/install/assignment1/include/assignment1/assignment1
-- Up-to-date: /home/fred/mobile_robotics/assignments/assignment1/install/assignment1/include/assignment1/assignment1/action
-- Up-to-date: /home/fred/mobile_robotics/assignments/assignment1/install/assignment1/include/assignment1/assignment1/action/detail
-- Installing: /home/fred/mobile_robotics/assignments/assignment1/install/assignment1/include/assignment1/assignment1/action/detail/pos__type_support.c
-- Installing: /home/fred/mobile_robotics/assignments/assignment1/install/assignment1/include/assignment1/assignment1/action/detail/pos__rosidl_typesupport_introspection_c.h
-- Up-to-date: /home/fred/mobile_robotics/assignments/assignment1/install/assignment1/include/assignment1/assignment1/msg
-- Installing: /home/fred/mobile_robotics/assignments/assignment1/install/assignment1/include/assignment1/assignment1/msg/rosidl_typesupport_introspection_c__visibility_control.h
-- Installing: /home/fred/mobile_robotics/assignments/assignment1/install/assignment1/lib/libassignment1__rosidl_typesupport_introspection_c.so
-- Set runtime path of "/home/fred/mobile_robotics/assignments/assignment1/install/assignment1/lib/libassignment1__rosidl_typesupport_introspection_c.so" to ""
-- Installing: /home/fred/mobile_robotics/assignments/assignment1/install/assignment1/lib/libassignment1__rosidl_typesupport_c.so
-- Set runtime path of "/home/fred/mobile_robotics/assignments/assignment1/install/assignment1/lib/libassignment1__rosidl_typesupport_c.so" to ""
-- Up-to-date: /home/fred/mobile_robotics/assignments/assignment1/install/assignment1/include/assignment1/assignment1
-- Up-to-date: /home/fred/mobile_robotics/assignments/assignment1/install/assignment1/include/assignment1/assignment1/action
-- Up-to-date: /home/fred/mobile_robotics/assignments/assignment1/install/assignment1/include/assignment1/assignment1/action/detail
-- Installing: /home/fred/mobile_robotics/assignments/assignment1/install/assignment1/include/assignment1/assignment1/action/detail/pos__struct.hpp
-- Installing: /home/fred/mobile_robotics/assignments/assignment1/install/assignment1/include/assignment1/assignment1/action/detail/pos__builder.hpp
-- Installing: /home/fred/mobile_robotics/assignments/assignment1/install/assignment1/include/assignment1/assignment1/action/detail/pos__traits.hpp
-- Installing: /home/fred/mobile_robotics/assignments/assignment1/install/assignment1/include/assignment1/assignment1/action/detail/pos__type_support.hpp
-- Installing: /home/fred/mobile_robotics/assignments/assignment1/install/assignment1/include/assignment1/assignment1/action/pos.hpp
-- Up-to-date: /home/fred/mobile_robotics/assignments/assignment1/install/assignment1/include/assignment1/assignment1/msg
-- Installing: /home/fred/mobile_robotics/assignments/assignment1/install/assignment1/include/assignment1/assignment1/msg/rosidl_generator_cpp__visibility_control.hpp
-- Up-to-date: /home/fred/mobile_robotics/assignments/assignment1/install/assignment1/include/assignment1/assignment1
-- Up-to-date: /home/fred/mobile_robotics/assignments/assignment1/install/assignment1/include/assignment1/assignment1/action
-- Up-to-date: /home/fred/mobile_robotics/assignments/assignment1/install/assignment1/include/assignment1/assignment1/action/detail
-- Installing: /home/fred/mobile_robotics/assignments/assignment1/install/assignment1/include/assignment1/assignment1/action/detail/dds_fastrtps
-- Installing: /home/fred/mobile_robotics/assignments/assignment1/install/assignment1/include/assignment1/assignment1/action/detail/pos__rosidl_typesupport_fastrtps_cpp.hpp
-- Up-to-date: /home/fred/mobile_robotics/assignments/assignment1/install/assignment1/include/assignment1/assignment1/msg
-- Installing: /home/fred/mobile_robotics/assignments/assignment1/install/assignment1/include/assignment1/assignment1/msg/rosidl_typesupport_fastrtps_cpp__visibility_control.h
-- Installing: /home/fred/mobile_robotics/assignments/assignment1/install/assignment1/lib/libassignment1__rosidl_typesupport_fastrtps_cpp.so
-- Set runtime path of "/home/fred/mobile_robotics/assignments/assignment1/install/assignment1/lib/libassignment1__rosidl_typesupport_fastrtps_cpp.so" to ""
-- Up-to-date: /home/fred/mobile_robotics/assignments/assignment1/install/assignment1/include/assignment1/assignment1
-- Up-to-date: /home/fred/mobile_robotics/assignments/assignment1/install/assignment1/include/assignment1/assignment1/action
-- Up-to-date: /home/fred/mobile_robotics/assignments/assignment1/install/assignment1/include/assignment1/assignment1/action/detail
-- Installing: /home/fred/mobile_robotics/assignments/assignment1/install/assignment1/include/assignment1/assignment1/action/detail/pos__rosidl_typesupport_introspection_cpp.hpp
-- Installing: /home/fred/mobile_robotics/assignments/assignment1/install/assignment1/include/assignment1/assignment1/action/detail/pos__type_support.cpp
-- Installing: /home/fred/mobile_robotics/assignments/assignment1/install/assignment1/lib/libassignment1__rosidl_typesupport_introspection_cpp.so
-- Set runtime path of "/home/fred/mobile_robotics/assignments/assignment1/install/assignment1/lib/libassignment1__rosidl_typesupport_introspection_cpp.so" to ""
-- Installing: /home/fred/mobile_robotics/assignments/assignment1/install/assignment1/lib/libassignment1__rosidl_typesupport_cpp.so
-- Set runtime path of "/home/fred/mobile_robotics/assignments/assignment1/install/assignment1/lib/libassignment1__rosidl_typesupport_cpp.so" to ""
-- Installing: /home/fred/mobile_robotics/assignments/assignment1/install/assignment1/share/assignment1/environment/pythonpath.sh
-- Installing: /home/fred/mobile_robotics/assignments/assignment1/install/assignment1/share/assignment1/environment/pythonpath.dsv
-- Installing: /home/fred/mobile_robotics/assignments/assignment1/install/assignment1/local/lib/python3.10/dist-packages/assignment1-0.0.0-py3.10.egg-info
-- Installing: /home/fred/mobile_robotics/assignments/assignment1/install/assignment1/local/lib/python3.10/dist-packages/assignment1-0.0.0-py3.10.egg-info/dependency_links.txt
-- Installing: /home/fred/mobile_robotics/assignments/assignment1/install/assignment1/local/lib/python3.10/dist-packages/assignment1-0.0.0-py3.10.egg-info/PKG-INFO
-- Installing: /home/fred/mobile_robotics/assignments/assignment1/install/assignment1/local/lib/python3.10/dist-packages/assignment1-0.0.0-py3.10.egg-info/SOURCES.txt
-- Installing: /home/fred/mobile_robotics/assignments/assignment1/install/assignment1/local/lib/python3.10/dist-packages/assignment1-0.0.0-py3.10.egg-info/top_level.txt
-- Installing: /home/fred/mobile_robotics/assignments/assignment1/install/assignment1/local/lib/python3.10/dist-packages/assignment1
-- Installing: /home/fred/mobile_robotics/assignments/assignment1/install/assignment1/local/lib/python3.10/dist-packages/assignment1/assignment1_s__rosidl_typesupport_introspection_c.cpython-310-x86_64-linux-gnu.so
-- Installing: /home/fred/mobile_robotics/assignments/assignment1/install/assignment1/local/lib/python3.10/dist-packages/assignment1/_assignment1_s.ep.rosidl_typesupport_introspection_c.c
-- Installing: /home/fred/mobile_robotics/assignments/assignment1/install/assignment1/local/lib/python3.10/dist-packages/assignment1/_assignment1_s.ep.rosidl_typesupport_fastrtps_c.c
-- Installing: /home/fred/mobile_robotics/assignments/assignment1/install/assignment1/local/lib/python3.10/dist-packages/assignment1/__init__.py
-- Installing: /home/fred/mobile_robotics/assignments/assignment1/install/assignment1/local/lib/python3.10/dist-packages/assignment1/assignment1_s__rosidl_typesupport_fastrtps_c.cpython-310-x86_64-linux-gnu.so
-- Installing: /home/fred/mobile_robotics/assignments/assignment1/install/assignment1/local/lib/python3.10/dist-packages/assignment1/_assignment1_s.ep.rosidl_typesupport_c.c
-- Installing: /home/fred/mobile_robotics/assignments/assignment1/install/assignment1/local/lib/python3.10/dist-packages/assignment1/libassignment1__rosidl_generator_py.so
-- Installing: /home/fred/mobile_robotics/assignments/assignment1/install/assignment1/local/lib/python3.10/dist-packages/assignment1/action
-- Installing: /home/fred/mobile_robotics/assignments/assignment1/install/assignment1/local/lib/python3.10/dist-packages/assignment1/action/__init__.py
-- Installing: /home/fred/mobile_robotics/assignments/assignment1/install/assignment1/local/lib/python3.10/dist-packages/assignment1/action/_pos.py
-- Installing: /home/fred/mobile_robotics/assignments/assignment1/install/assignment1/local/lib/python3.10/dist-packages/assignment1/action/_pos_s.c
-- Installing: /home/fred/mobile_robotics/assignments/assignment1/install/assignment1/local/lib/python3.10/dist-packages/assignment1/assignment1_s__rosidl_typesupport_c.cpython-310-x86_64-linux-gnu.so
Listing '/home/fred/mobile_robotics/assignments/assignment1/install/assignment1/local/lib/python3.10/dist-packages/assignment1'...
Compiling '/home/fred/mobile_robotics/assignments/assignment1/install/assignment1/local/lib/python3.10/dist-packages/assignment1/__init__.py'...
Listing '/home/fred/mobile_robotics/assignments/assignment1/install/assignment1/local/lib/python3.10/dist-packages/assignment1/action'...
Compiling '/home/fred/mobile_robotics/assignments/assignment1/install/assignment1/local/lib/python3.10/dist-packages/assignment1/action/__init__.py'...
Compiling '/home/fred/mobile_robotics/assignments/assignment1/install/assignment1/local/lib/python3.10/dist-packages/assignment1/action/_pos.py'...
-- Installing: /home/fred/mobile_robotics/assignments/assignment1/install/assignment1/local/lib/python3.10/dist-packages/assignment1/assignment1_s__rosidl_typesupport_fastrtps_c.cpython-310-x86_64-linux-gnu.so
-- Set runtime path of "/home/fred/mobile_robotics/assignments/assignment1/install/assignment1/local/lib/python3.10/dist-packages/assignment1/assignment1_s__rosidl_typesupport_fastrtps_c.cpython-310-x86_64-linux-gnu.so" to ""
-- Installing: /home/fred/mobile_robotics/assignments/assignment1/install/assignment1/local/lib/python3.10/dist-packages/assignment1/assignment1_s__rosidl_typesupport_introspection_c.cpython-310-x86_64-linux-gnu.so
-- Set runtime path of "/home/fred/mobile_robotics/assignments/assignment1/install/assignment1/local/lib/python3.10/dist-packages/assignment1/assignment1_s__rosidl_typesupport_introspection_c.cpython-310-x86_64-linux-gnu.so" to ""
-- Installing: /home/fred/mobile_robotics/assignments/assignment1/install/assignment1/local/lib/python3.10/dist-packages/assignment1/assignment1_s__rosidl_typesupport_c.cpython-310-x86_64-linux-gnu.so
-- Set runtime path of "/home/fred/mobile_robotics/assignments/assignment1/install/assignment1/local/lib/python3.10/dist-packages/assignment1/assignment1_s__rosidl_typesupport_c.cpython-310-x86_64-linux-gnu.so" to ""
-- Installing: /home/fred/mobile_robotics/assignments/assignment1/install/assignment1/lib/libassignment1__rosidl_generator_py.so
-- Set runtime path of "/home/fred/mobile_robotics/assignments/assignment1/install/assignment1/lib/libassignment1__rosidl_generator_py.so" to ""
-- Installing: /home/fred/mobile_robotics/assignments/assignment1/install/assignment1/share/assignment1/action/Pos.idl
-- Installing: /home/fred/mobile_robotics/assignments/assignment1/install/assignment1/share/assignment1/action/Pos.action
-- Installing: /home/fred/mobile_robotics/assignments/assignment1/install/assignment1/share/ament_index/resource_index/package_run_dependencies/assignment1
-- Installing: /home/fred/mobile_robotics/assignments/assignment1/install/assignment1/share/ament_index/resource_index/parent_prefix_path/assignment1
-- Installing: /home/fred/mobile_robotics/assignments/assignment1/install/assignment1/share/assignment1/environment/ament_prefix_path.sh
-- Installing: /home/fred/mobile_robotics/assignments/assignment1/install/assignment1/share/assignment1/environment/ament_prefix_path.dsv
-- Installing: /home/fred/mobile_robotics/assignments/assignment1/install/assignment1/share/assignment1/environment/path.sh
-- Installing: /home/fred/mobile_robotics/assignments/assignment1/install/assignment1/share/assignment1/environment/path.dsv
-- Installing: /home/fred/mobile_robotics/assignments/assignment1/install/assignment1/share/assignment1/local_setup.bash
-- Installing: /home/fred/mobile_robotics/assignments/assignment1/install/assignment1/share/assignment1/local_setup.sh
-- Installing: /home/fred/mobile_robotics/assignments/assignment1/install/assignment1/share/assignment1/local_setup.zsh
-- Installing: /home/fred/mobile_robotics/assignments/assignment1/install/assignment1/share/assignment1/local_setup.dsv
-- Installing: /home/fred/mobile_robotics/assignments/assignment1/install/assignment1/share/assignment1/package.dsv
-- Installing: /home/fred/mobile_robotics/assignments/assignment1/install/assignment1/share/ament_index/resource_index/packages/assignment1
-- Installing: /home/fred/mobile_robotics/assignments/assignment1/install/assignment1/share/assignment1/cmake/export_assignment1__rosidl_generator_cExport.cmake
-- Installing: /home/fred/mobile_robotics/assignments/assignment1/install/assignment1/share/assignment1/cmake/export_assignment1__rosidl_generator_cExport-noconfig.cmake
-- Installing: /home/fred/mobile_robotics/assignments/assignment1/install/assignment1/share/assignment1/cmake/export_assignment1__rosidl_typesupport_fastrtps_cExport.cmake
-- Installing: /home/fred/mobile_robotics/assignments/assignment1/install/assignment1/share/assignment1/cmake/export_assignment1__rosidl_typesupport_fastrtps_cExport-noconfig.cmake
-- Installing: /home/fred/mobile_robotics/assignments/assignment1/install/assignment1/share/assignment1/cmake/assignment1__rosidl_typesupport_introspection_cExport.cmake
-- Installing: /home/fred/mobile_robotics/assignments/assignment1/install/assignment1/share/assignment1/cmake/assignment1__rosidl_typesupport_introspection_cExport-noconfig.cmake
-- Installing: /home/fred/mobile_robotics/assignments/assignment1/install/assignment1/share/assignment1/cmake/assignment1__rosidl_typesupport_cExport.cmake
-- Installing: /home/fred/mobile_robotics/assignments/assignment1/install/assignment1/share/assignment1/cmake/assignment1__rosidl_typesupport_cExport-noconfig.cmake
-- Installing: /home/fred/mobile_robotics/assignments/assignment1/install/assignment1/share/assignment1/cmake/export_assignment1__rosidl_generator_cppExport.cmake
-- Installing: /home/fred/mobile_robotics/assignments/assignment1/install/assignment1/share/assignment1/cmake/export_assignment1__rosidl_typesupport_fastrtps_cppExport.cmake
-- Installing: /home/fred/mobile_robotics/assignments/assignment1/install/assignment1/share/assignment1/cmake/export_assignment1__rosidl_typesupport_fastrtps_cppExport-noconfig.cmake
-- Installing: /home/fred/mobile_robotics/assignments/assignment1/install/assignment1/share/assignment1/cmake/assignment1__rosidl_typesupport_introspection_cppExport.cmake
-- Installing: /home/fred/mobile_robotics/assignments/assignment1/install/assignment1/share/assignment1/cmake/assignment1__rosidl_typesupport_introspection_cppExport-noconfig.cmake
-- Installing: /home/fred/mobile_robotics/assignments/assignment1/install/assignment1/share/assignment1/cmake/assignment1__rosidl_typesupport_cppExport.cmake
-- Installing: /home/fred/mobile_robotics/assignments/assignment1/install/assignment1/share/assignment1/cmake/assignment1__rosidl_typesupport_cppExport-noconfig.cmake
-- Installing: /home/fred/mobile_robotics/assignments/assignment1/install/assignment1/share/assignment1/cmake/export_assignment1__rosidl_generator_pyExport.cmake
-- Installing: /home/fred/mobile_robotics/assignments/assignment1/install/assignment1/share/assignment1/cmake/export_assignment1__rosidl_generator_pyExport-noconfig.cmake
-- Installing: /home/fred/mobile_robotics/assignments/assignment1/install/assignment1/share/assignment1/cmake/rosidl_cmake-extras.cmake
-- Installing: /home/fred/mobile_robotics/assignments/assignment1/install/assignment1/share/assignment1/cmake/ament_cmake_export_dependencies-extras.cmake
-- Installing: /home/fred/mobile_robotics/assignments/assignment1/install/assignment1/share/assignment1/cmake/ament_cmake_export_include_directories-extras.cmake
-- Installing: /home/fred/mobile_robotics/assignments/assignment1/install/assignment1/share/assignment1/cmake/ament_cmake_export_libraries-extras.cmake
-- Installing: /home/fred/mobile_robotics/assignments/assignment1/install/assignment1/share/assignment1/cmake/ament_cmake_export_targets-extras.cmake
-- Installing: /home/fred/mobile_robotics/assignments/assignment1/install/assignment1/share/assignment1/cmake/rosidl_cmake_export_typesupport_targets-extras.cmake
-- Installing: /home/fred/mobile_robotics/assignments/assignment1/install/assignment1/share/assignment1/cmake/rosidl_cmake_export_typesupport_libraries-extras.cmake
-- Installing: /home/fred/mobile_robotics/assignments/assignment1/install/assignment1/share/assignment1/cmake/assignment1Config.cmake
-- Installing: /home/fred/mobile_robotics/assignments/assignment1/install/assignment1/share/assignment1/cmake/assignment1Config-version.cmake
-- Installing: /home/fred/mobile_robotics/assignments/assignment1/install/assignment1/share/assignment1/package.xml
