[0.020s] Invoking command in '/home/fred/mobile_robotics/assignments/assignment2/build/turtlebot3_node': CMAKE_PREFIX_PATH=${CMAKE_PREFIX_PATH}:/home/fred/turtlebot3_ws/install/turtlebot3_teleop:/home/fred/turtlebot3_ws/install/turtlebot3_example:/opt/ros/humble /usr/bin/cmake /home/fred/mobile_robotics/assignments/assignment2/src/turtlebot3/turtlebot3_node -DAMENT_CMAKE_SYMLINK_INSTALL=1 -DCMAKE_INSTALL_PREFIX=/home/fred/mobile_robotics/assignments/assignment2/install/turtlebot3_node
[0.180s] -- The C compiler identification is GNU 11.4.0
[0.255s] -- The CXX compiler identification is GNU 11.4.0
[0.263s] -- Detecting C compiler ABI info
[0.318s] -- Detecting C compiler ABI info - done
[0.321s] -- Check for working C compiler: /usr/bin/cc - skipped
[0.321s] -- Detecting C compile features
[0.322s] -- Detecting C compile features - done
[0.324s] -- Detecting CXX compiler ABI info
[0.377s] -- Detecting CXX compiler ABI info - done
[0.381s] -- Check for working CXX compiler: /usr/bin/c++ - skipped
[0.381s] -- Detecting CXX compile features
[0.381s] -- Detecting CXX compile features - done
[0.386s] -- Found ament_cmake: 1.3.13 (/opt/ros/humble/share/ament_cmake/cmake)
[0.479s] -- Found Python3: /usr/bin/python3 (found version "3.10.12") found components: Interpreter 
[0.519s] -- Override CMake install command with custom implementation using symlinks instead of copying resources
[0.558s] -- Found dynamixel_sdk: 4.0.3 (/home/fred/turtlebot3_ws/install/dynamixel_sdk/share/dynamixel_sdk/cmake)
[0.562s] -- Found geometry_msgs: 4.9.1 (/opt/ros/humble/share/geometry_msgs/cmake)
[0.603s] -- Found rosidl_generator_c: 3.1.8 (/opt/ros/humble/share/rosidl_generator_c/cmake)
[0.608s] -- Found rosidl_adapter: 3.1.8 (/opt/ros/humble/share/rosidl_adapter/cmake)
[0.617s] -- Found rosidl_generator_cpp: 3.1.8 (/opt/ros/humble/share/rosidl_generator_cpp/cmake)
[0.629s] -- Using all available rosidl_typesupport_c: rosidl_typesupport_fastrtps_c;rosidl_typesupport_introspection_c
[0.643s] -- Using all available rosidl_typesupport_cpp: rosidl_typesupport_fastrtps_cpp;rosidl_typesupport_introspection_cpp
[0.675s] -- Found message_filters: 4.3.14 (/opt/ros/humble/share/message_filters/cmake)
[0.722s] -- Found rmw_implementation_cmake: 6.1.2 (/opt/ros/humble/share/rmw_implementation_cmake/cmake)
[0.725s] -- Found rmw_fastrtps_cpp: 6.2.10 (/opt/ros/humble/share/rmw_fastrtps_cpp/cmake)
[0.801s] -- Found OpenSSL: /usr/lib/x86_64-linux-gnu/libcrypto.so (found version "3.0.2")  
[0.825s] -- Found FastRTPS: /opt/ros/humble/include  
[0.858s] -- Using RMW implementation 'rmw_fastrtps_cpp' as default
[0.869s] -- Looking for pthread.h
[0.926s] -- Looking for pthread.h - found
[0.926s] -- Performing Test CMAKE_HAVE_LIBC_PTHREAD
[0.976s] -- Performing Test CMAKE_HAVE_LIBC_PTHREAD - Success
[0.976s] -- Found Threads: TRUE  
[1.010s] -- Found nav_msgs: 4.9.1 (/opt/ros/humble/share/nav_msgs/cmake)
[1.024s] -- Found sensor_msgs: 4.9.1 (/opt/ros/humble/share/sensor_msgs/cmake)
[1.037s] -- Found std_srvs: 4.9.1 (/opt/ros/humble/share/std_srvs/cmake)
[1.048s] -- Found tf2: 0.25.19 (/opt/ros/humble/share/tf2/cmake)
[1.058s] -- Found tf2_ros: 0.25.19 (/opt/ros/humble/share/tf2_ros/cmake)
[1.124s] -- Found turtlebot3_msgs: 2.4.0 (/home/fred/turtlebot3_ws/install/turtlebot3_msgs/share/turtlebot3_msgs/cmake)
[1.173s] -- Configuring done
[1.185s] -- Generating done
[1.188s] -- Build files have been written to: /home/fred/mobile_robotics/assignments/assignment2/build/turtlebot3_node
[1.195s] Invoked command in '/home/fred/mobile_robotics/assignments/assignment2/build/turtlebot3_node' returned '0': CMAKE_PREFIX_PATH=${CMAKE_PREFIX_PATH}:/home/fred/turtlebot3_ws/install/turtlebot3_teleop:/home/fred/turtlebot3_ws/install/turtlebot3_example:/opt/ros/humble /usr/bin/cmake /home/fred/mobile_robotics/assignments/assignment2/src/turtlebot3/turtlebot3_node -DAMENT_CMAKE_SYMLINK_INSTALL=1 -DCMAKE_INSTALL_PREFIX=/home/fred/mobile_robotics/assignments/assignment2/install/turtlebot3_node
[1.196s] Invoking command in '/home/fred/mobile_robotics/assignments/assignment2/build/turtlebot3_node': CMAKE_PREFIX_PATH=${CMAKE_PREFIX_PATH}:/home/fred/turtlebot3_ws/install/turtlebot3_teleop:/home/fred/turtlebot3_ws/install/turtlebot3_example:/opt/ros/humble /usr/bin/cmake --build /home/fred/mobile_robotics/assignments/assignment2/build/turtlebot3_node -- -j16 -l16
[1.233s] [ 28%] [32mBuilding CXX object CMakeFiles/turtlebot3_node_lib.dir/src/devices/sound.cpp.o[0m
[1.233s] [ 28%] [32mBuilding CXX object CMakeFiles/turtlebot3_node_lib.dir/src/dynamixel_sdk_wrapper.cpp.o[0m
[1.233s] [ 28%] [32mBuilding CXX object CMakeFiles/turtlebot3_node_lib.dir/src/diff_drive_controller.cpp.o[0m
[1.233s] [ 28%] [32mBuilding CXX object CMakeFiles/turtlebot3_node_lib.dir/src/devices/motor_power.cpp.o[0m
[1.233s] [ 35%] [32mBuilding CXX object CMakeFiles/turtlebot3_node_lib.dir/src/odometry.cpp.o[0m
[1.233s] [ 42%] [32mBuilding CXX object CMakeFiles/turtlebot3_node_lib.dir/src/devices/reset.cpp.o[0m
[1.234s] [ 50%] [32mBuilding CXX object CMakeFiles/turtlebot3_node_lib.dir/src/turtlebot3.cpp.o[0m
[1.234s] [ 57%] [32mBuilding CXX object CMakeFiles/turtlebot3_node_lib.dir/src/sensors/battery_state.cpp.o[0m
[1.234s] [ 64%] [32mBuilding CXX object CMakeFiles/turtlebot3_node_lib.dir/src/sensors/imu.cpp.o[0m
[1.235s] [ 71%] [32mBuilding CXX object CMakeFiles/turtlebot3_node_lib.dir/src/sensors/joint_state.cpp.o[0m
[1.235s] [ 78%] [32mBuilding CXX object CMakeFiles/turtlebot3_node_lib.dir/src/sensors/sensor_state.cpp.o[0m
[10.055s] [ 85%] [32m[1mLinking CXX static library libturtlebot3_node_lib.a[0m
[10.466s] [ 85%] Built target turtlebot3_node_lib
[10.482s] [ 92%] [32mBuilding CXX object CMakeFiles/turtlebot3_ros.dir/src/node_main.cpp.o[0m
[12.379s] [100%] [32m[1mLinking CXX executable turtlebot3_ros[0m
[13.308s] [100%] Built target turtlebot3_ros
[13.315s] Invoked command in '/home/fred/mobile_robotics/assignments/assignment2/build/turtlebot3_node' returned '0': CMAKE_PREFIX_PATH=${CMAKE_PREFIX_PATH}:/home/fred/turtlebot3_ws/install/turtlebot3_teleop:/home/fred/turtlebot3_ws/install/turtlebot3_example:/opt/ros/humble /usr/bin/cmake --build /home/fred/mobile_robotics/assignments/assignment2/build/turtlebot3_node -- -j16 -l16
[13.316s] Invoking command in '/home/fred/mobile_robotics/assignments/assignment2/build/turtlebot3_node': CMAKE_PREFIX_PATH=${CMAKE_PREFIX_PATH}:/home/fred/turtlebot3_ws/install/turtlebot3_teleop:/home/fred/turtlebot3_ws/install/turtlebot3_example:/opt/ros/humble /usr/bin/cmake --install /home/fred/mobile_robotics/assignments/assignment2/build/turtlebot3_node
[13.321s] -- Install configuration: ""
[13.321s] -- Execute custom install script
[13.322s] -- Symlinking: /home/fred/mobile_robotics/assignments/assignment2/install/turtlebot3_node/share/turtlebot3_node/param/burger.yaml
[13.328s] -- Symlinking: /home/fred/mobile_robotics/assignments/assignment2/install/turtlebot3_node/share/turtlebot3_node/param/waffle.yaml
[13.333s] -- Symlinking: /home/fred/mobile_robotics/assignments/assignment2/install/turtlebot3_node/share/turtlebot3_node/param/waffle_pi.yaml
[13.339s] -- Symlinking: /home/fred/mobile_robotics/assignments/assignment2/install/turtlebot3_node/lib/turtlebot3_node/turtlebot3_ros
[13.345s] -- Symlinking: /home/fred/mobile_robotics/assignments/assignment2/install/turtlebot3_node/share/ament_index/resource_index/package_run_dependencies/turtlebot3_node
[13.351s] -- Symlinking: /home/fred/mobile_robotics/assignments/assignment2/install/turtlebot3_node/share/ament_index/resource_index/parent_prefix_path/turtlebot3_node
[13.357s] -- Symlinking: /home/fred/mobile_robotics/assignments/assignment2/install/turtlebot3_node/share/turtlebot3_node/environment/ament_prefix_path.sh
[13.362s] -- Symlinking: /home/fred/mobile_robotics/assignments/assignment2/install/turtlebot3_node/share/turtlebot3_node/environment/ament_prefix_path.dsv
[13.369s] -- Symlinking: /home/fred/mobile_robotics/assignments/assignment2/install/turtlebot3_node/share/turtlebot3_node/environment/path.sh
[13.374s] -- Symlinking: /home/fred/mobile_robotics/assignments/assignment2/install/turtlebot3_node/share/turtlebot3_node/environment/path.dsv
[13.379s] -- Symlinking: /home/fred/mobile_robotics/assignments/assignment2/install/turtlebot3_node/share/turtlebot3_node/local_setup.bash
[13.384s] -- Symlinking: /home/fred/mobile_robotics/assignments/assignment2/install/turtlebot3_node/share/turtlebot3_node/local_setup.sh
[13.390s] -- Symlinking: /home/fred/mobile_robotics/assignments/assignment2/install/turtlebot3_node/share/turtlebot3_node/local_setup.zsh
[13.396s] -- Symlinking: /home/fred/mobile_robotics/assignments/assignment2/install/turtlebot3_node/share/turtlebot3_node/local_setup.dsv
[13.401s] -- Symlinking: /home/fred/mobile_robotics/assignments/assignment2/install/turtlebot3_node/share/turtlebot3_node/package.dsv
[13.408s] -- Symlinking: /home/fred/mobile_robotics/assignments/assignment2/install/turtlebot3_node/share/ament_index/resource_index/packages/turtlebot3_node
[13.413s] -- Symlinking: /home/fred/mobile_robotics/assignments/assignment2/install/turtlebot3_node/share/turtlebot3_node/cmake/ament_cmake_export_dependencies-extras.cmake
[13.418s] -- Symlinking: /home/fred/mobile_robotics/assignments/assignment2/install/turtlebot3_node/share/turtlebot3_node/cmake/ament_cmake_export_include_directories-extras.cmake
[13.425s] -- Symlinking: /home/fred/mobile_robotics/assignments/assignment2/install/turtlebot3_node/share/turtlebot3_node/cmake/turtlebot3_nodeConfig.cmake
[13.430s] -- Symlinking: /home/fred/mobile_robotics/assignments/assignment2/install/turtlebot3_node/share/turtlebot3_node/cmake/turtlebot3_nodeConfig-version.cmake
[13.437s] -- Symlinking: /home/fred/mobile_robotics/assignments/assignment2/install/turtlebot3_node/share/turtlebot3_node/package.xml
[13.445s] Invoked command in '/home/fred/mobile_robotics/assignments/assignment2/build/turtlebot3_node' returned '0': CMAKE_PREFIX_PATH=${CMAKE_PREFIX_PATH}:/home/fred/turtlebot3_ws/install/turtlebot3_teleop:/home/fred/turtlebot3_ws/install/turtlebot3_example:/opt/ros/humble /usr/bin/cmake --install /home/fred/mobile_robotics/assignments/assignment2/build/turtlebot3_node
