[0.570s] Invoking command in '/home/fred/mobile_robotics/assignments/assignment2/build/turtlebot3_example': PYTHONPATH=/home/fred/mobile_robotics/assignments/assignment2/build/turtlebot3_example/prefix_override:/usr/lib/python3/dist-packages/colcon_core/task/python/colcon_distutils_commands:/home/fred/mobile_robotics/assignments/assignment2/install/turtlebot3_example/lib/python3.10/site-packages:${PYTHONPATH} /usr/bin/python3 -W ignore:setup.py install is deprecated -W ignore:easy_install command is deprecated setup.py develop --editable --build-directory /home/fred/mobile_robotics/assignments/assignment2/build/turtlebot3_example/build --no-deps symlink_data
[0.705s] running develop
[0.786s] running egg_info
[0.786s] creating turtlebot3_example.egg-info
[0.786s] writing turtlebot3_example.egg-info/PKG-INFO
[0.787s] writing dependency_links to turtlebot3_example.egg-info/dependency_links.txt
[0.787s] writing entry points to turtlebot3_example.egg-info/entry_points.txt
[0.787s] writing requirements to turtlebot3_example.egg-info/requires.txt
[0.787s] writing top-level names to turtlebot3_example.egg-info/top_level.txt
[0.787s] writing manifest file 'turtlebot3_example.egg-info/SOURCES.txt'
[0.788s] reading manifest file 'turtlebot3_example.egg-info/SOURCES.txt'
[0.788s] writing manifest file 'turtlebot3_example.egg-info/SOURCES.txt'
[0.789s] running build_ext
[0.789s] Creating /home/fred/mobile_robotics/assignments/assignment2/install/turtlebot3_example/lib/python3.10/site-packages/turtlebot3-example.egg-link (link to .)
[0.790s] Installing turtlebot3_absolute_move script to /home/fred/mobile_robotics/assignments/assignment2/install/turtlebot3_example/lib/turtlebot3_example
[0.790s] Installing turtlebot3_interactive_marker script to /home/fred/mobile_robotics/assignments/assignment2/install/turtlebot3_example/lib/turtlebot3_example
[0.790s] Installing turtlebot3_obstacle_detection script to /home/fred/mobile_robotics/assignments/assignment2/install/turtlebot3_example/lib/turtlebot3_example
[0.790s] Installing turtlebot3_patrol_client script to /home/fred/mobile_robotics/assignments/assignment2/install/turtlebot3_example/lib/turtlebot3_example
[0.790s] Installing turtlebot3_patrol_server script to /home/fred/mobile_robotics/assignments/assignment2/install/turtlebot3_example/lib/turtlebot3_example
[0.790s] Installing turtlebot3_relative_move script to /home/fred/mobile_robotics/assignments/assignment2/install/turtlebot3_example/lib/turtlebot3_example
[0.790s] 
[0.790s] Installed /home/fred/mobile_robotics/assignments/assignment2/build/turtlebot3_example
[0.790s] running symlink_data
[0.790s] creating /home/fred/mobile_robotics/assignments/assignment2/install/turtlebot3_example/share/ament_index
[0.790s] creating /home/fred/mobile_robotics/assignments/assignment2/install/turtlebot3_example/share/ament_index/resource_index
[0.790s] creating /home/fred/mobile_robotics/assignments/assignment2/install/turtlebot3_example/share/ament_index/resource_index/packages
[0.790s] symbolically linking /home/fred/mobile_robotics/assignments/assignment2/build/turtlebot3_example/resource/turtlebot3_example -> /home/fred/mobile_robotics/assignments/assignment2/install/turtlebot3_example/share/ament_index/resource_index/packages
[0.791s] symbolically linking /home/fred/mobile_robotics/assignments/assignment2/build/turtlebot3_example/package.xml -> /home/fred/mobile_robotics/assignments/assignment2/install/turtlebot3_example/share/turtlebot3_example
[0.812s] Invoked command in '/home/fred/mobile_robotics/assignments/assignment2/build/turtlebot3_example' returned '0': PYTHONPATH=/home/fred/mobile_robotics/assignments/assignment2/build/turtlebot3_example/prefix_override:/usr/lib/python3/dist-packages/colcon_core/task/python/colcon_distutils_commands:/home/fred/mobile_robotics/assignments/assignment2/install/turtlebot3_example/lib/python3.10/site-packages:${PYTHONPATH} /usr/bin/python3 -W ignore:setup.py install is deprecated -W ignore:easy_install command is deprecated setup.py develop --editable --build-directory /home/fred/mobile_robotics/assignments/assignment2/build/turtlebot3_example/build --no-deps symlink_data
