[0.025s] Invoking command in '/home/fred/mobile_robotics/assignments/assignment2/build/turtlebot3_description': CMAKE_PREFIX_PATH=${CMAKE_PREFIX_PATH}:/home/fred/turtlebot3_ws/install/turtlebot3_teleop:/home/fred/turtlebot3_ws/install/turtlebot3_example:/opt/ros/humble /usr/bin/cmake /home/fred/mobile_robotics/assignments/assignment2/src/turtlebot3/turtlebot3_description -DAMENT_CMAKE_SYMLINK_INSTALL=1 -DCMAKE_INSTALL_PREFIX=/home/fred/mobile_robotics/assignments/assignment2/install/turtlebot3_description
[0.185s] -- The C compiler identification is GNU 11.4.0
[0.261s] -- The CXX compiler identification is GNU 11.4.0
[0.268s] -- Detecting C compiler ABI info
[0.323s] -- Detecting C compiler ABI info - done
[0.326s] -- Check for working C compiler: /usr/bin/cc - skipped
[0.327s] -- Detecting C compile features
[0.328s] -- Detecting C compile features - done
[0.329s] -- Detecting CXX compiler ABI info
[0.382s] -- Detecting CXX compiler ABI info - done
[0.386s] -- Check for working CXX compiler: /usr/bin/c++ - skipped
[0.386s] -- Detecting CXX compile features
[0.386s] -- Detecting CXX compile features - done
[0.392s] -- Found ament_cmake: 1.3.13 (/opt/ros/humble/share/ament_cmake/cmake)
[0.485s] -- Found Python3: /usr/bin/python3 (found version "3.10.12") found components: Interpreter 
[0.525s] -- Override CMake install command with custom implementation using symlinks instead of copying resources
[0.564s] -- Found urdf: 2.6.1 (/opt/ros/humble/share/urdf/cmake)
[0.655s] -- Configuring done
[0.656s] -- Generating done
[0.657s] -- Build files have been written to: /home/fred/mobile_robotics/assignments/assignment2/build/turtlebot3_description
[0.662s] Invoked command in '/home/fred/mobile_robotics/assignments/assignment2/build/turtlebot3_description' returned '0': CMAKE_PREFIX_PATH=${CMAKE_PREFIX_PATH}:/home/fred/turtlebot3_ws/install/turtlebot3_teleop:/home/fred/turtlebot3_ws/install/turtlebot3_example:/opt/ros/humble /usr/bin/cmake /home/fred/mobile_robotics/assignments/assignment2/src/turtlebot3/turtlebot3_description -DAMENT_CMAKE_SYMLINK_INSTALL=1 -DCMAKE_INSTALL_PREFIX=/home/fred/mobile_robotics/assignments/assignment2/install/turtlebot3_description
[0.664s] Invoking command in '/home/fred/mobile_robotics/assignments/assignment2/build/turtlebot3_description': CMAKE_PREFIX_PATH=${CMAKE_PREFIX_PATH}:/home/fred/turtlebot3_ws/install/turtlebot3_teleop:/home/fred/turtlebot3_ws/install/turtlebot3_example:/opt/ros/humble /usr/bin/cmake --build /home/fred/mobile_robotics/assignments/assignment2/build/turtlebot3_description -- -j16 -l16
[0.688s] Invoked command in '/home/fred/mobile_robotics/assignments/assignment2/build/turtlebot3_description' returned '0': CMAKE_PREFIX_PATH=${CMAKE_PREFIX_PATH}:/home/fred/turtlebot3_ws/install/turtlebot3_teleop:/home/fred/turtlebot3_ws/install/turtlebot3_example:/opt/ros/humble /usr/bin/cmake --build /home/fred/mobile_robotics/assignments/assignment2/build/turtlebot3_description -- -j16 -l16
[0.688s] Invoking command in '/home/fred/mobile_robotics/assignments/assignment2/build/turtlebot3_description': CMAKE_PREFIX_PATH=${CMAKE_PREFIX_PATH}:/home/fred/turtlebot3_ws/install/turtlebot3_teleop:/home/fred/turtlebot3_ws/install/turtlebot3_example:/opt/ros/humble /usr/bin/cmake --install /home/fred/mobile_robotics/assignments/assignment2/build/turtlebot3_description
[0.693s] -- Install configuration: ""
[0.693s] -- Execute custom install script
[0.694s] -- Symlinking: /home/fred/mobile_robotics/assignments/assignment2/install/turtlebot3_description/share/turtlebot3_description/meshes/bases/burger_base.stl
[0.699s] -- Symlinking: /home/fred/mobile_robotics/assignments/assignment2/install/turtlebot3_description/share/turtlebot3_description/meshes/bases/waffle_base.stl
[0.704s] -- Symlinking: /home/fred/mobile_robotics/assignments/assignment2/install/turtlebot3_description/share/turtlebot3_description/meshes/bases/waffle_pi_base.stl
[0.710s] -- Symlinking: /home/fred/mobile_robotics/assignments/assignment2/install/turtlebot3_description/share/turtlebot3_description/meshes/sensors/astra.dae
[0.716s] -- Symlinking: /home/fred/mobile_robotics/assignments/assignment2/install/turtlebot3_description/share/turtlebot3_description/meshes/sensors/astra.jpg
[0.722s] -- Symlinking: /home/fred/mobile_robotics/assignments/assignment2/install/turtlebot3_description/share/turtlebot3_description/meshes/sensors/lds.stl
[0.728s] -- Symlinking: /home/fred/mobile_robotics/assignments/assignment2/install/turtlebot3_description/share/turtlebot3_description/meshes/sensors/r200.dae
[0.734s] -- Symlinking: /home/fred/mobile_robotics/assignments/assignment2/install/turtlebot3_description/share/turtlebot3_description/meshes/sensors/r200.jpg
[0.739s] -- Symlinking: /home/fred/mobile_robotics/assignments/assignment2/install/turtlebot3_description/share/turtlebot3_description/meshes/wheels/left_tire.stl
[0.744s] -- Symlinking: /home/fred/mobile_robotics/assignments/assignment2/install/turtlebot3_description/share/turtlebot3_description/meshes/wheels/right_tire.stl
[0.750s] -- Symlinking: /home/fred/mobile_robotics/assignments/assignment2/install/turtlebot3_description/share/turtlebot3_description/rviz/model.rviz
[0.756s] -- Symlinking: /home/fred/mobile_robotics/assignments/assignment2/install/turtlebot3_description/share/turtlebot3_description/urdf/common_properties.urdf
[0.761s] -- Symlinking: /home/fred/mobile_robotics/assignments/assignment2/install/turtlebot3_description/share/turtlebot3_description/urdf/turtlebot3_burger.urdf
[0.767s] -- Symlinking: /home/fred/mobile_robotics/assignments/assignment2/install/turtlebot3_description/share/turtlebot3_description/urdf/turtlebot3_waffle.urdf
[0.773s] -- Symlinking: /home/fred/mobile_robotics/assignments/assignment2/install/turtlebot3_description/share/turtlebot3_description/urdf/turtlebot3_waffle_pi.urdf
[0.779s] -- Symlinking: /home/fred/mobile_robotics/assignments/assignment2/install/turtlebot3_description/share/ament_index/resource_index/package_run_dependencies/turtlebot3_description
[0.786s] -- Symlinking: /home/fred/mobile_robotics/assignments/assignment2/install/turtlebot3_description/share/ament_index/resource_index/parent_prefix_path/turtlebot3_description
[0.793s] -- Symlinking: /home/fred/mobile_robotics/assignments/assignment2/install/turtlebot3_description/share/turtlebot3_description/environment/ament_prefix_path.sh
[0.799s] -- Symlinking: /home/fred/mobile_robotics/assignments/assignment2/install/turtlebot3_description/share/turtlebot3_description/environment/ament_prefix_path.dsv
[0.805s] -- Symlinking: /home/fred/mobile_robotics/assignments/assignment2/install/turtlebot3_description/share/turtlebot3_description/environment/path.sh
[0.814s] -- Symlinking: /home/fred/mobile_robotics/assignments/assignment2/install/turtlebot3_description/share/turtlebot3_description/environment/path.dsv
[0.821s] -- Symlinking: /home/fred/mobile_robotics/assignments/assignment2/install/turtlebot3_description/share/turtlebot3_description/local_setup.bash
[0.828s] -- Symlinking: /home/fred/mobile_robotics/assignments/assignment2/install/turtlebot3_description/share/turtlebot3_description/local_setup.sh
[0.834s] -- Symlinking: /home/fred/mobile_robotics/assignments/assignment2/install/turtlebot3_description/share/turtlebot3_description/local_setup.zsh
[0.840s] -- Symlinking: /home/fred/mobile_robotics/assignments/assignment2/install/turtlebot3_description/share/turtlebot3_description/local_setup.dsv
[0.846s] -- Symlinking: /home/fred/mobile_robotics/assignments/assignment2/install/turtlebot3_description/share/turtlebot3_description/package.dsv
[0.852s] -- Symlinking: /home/fred/mobile_robotics/assignments/assignment2/install/turtlebot3_description/share/ament_index/resource_index/packages/turtlebot3_description
[0.858s] -- Symlinking: /home/fred/mobile_robotics/assignments/assignment2/install/turtlebot3_description/share/turtlebot3_description/cmake/turtlebot3_descriptionConfig.cmake
[0.863s] -- Symlinking: /home/fred/mobile_robotics/assignments/assignment2/install/turtlebot3_description/share/turtlebot3_description/cmake/turtlebot3_descriptionConfig-version.cmake
[0.869s] -- Symlinking: /home/fred/mobile_robotics/assignments/assignment2/install/turtlebot3_description/share/turtlebot3_description/package.xml
[0.877s] Invoked command in '/home/fred/mobile_robotics/assignments/assignment2/build/turtlebot3_description' returned '0': CMAKE_PREFIX_PATH=${CMAKE_PREFIX_PATH}:/home/fred/turtlebot3_ws/install/turtlebot3_teleop:/home/fred/turtlebot3_ws/install/turtlebot3_example:/opt/ros/humble /usr/bin/cmake --install /home/fred/mobile_robotics/assignments/assignment2/build/turtlebot3_description
