[0.560s] Invoking command in '/home/fred/mobile_robotics/assignments/assignment2/build/turtlebot3_teleop': PYTHONPATH=/home/fred/mobile_robotics/assignments/assignment2/build/turtlebot3_teleop/prefix_override:/usr/lib/python3/dist-packages/colcon_core/task/python/colcon_distutils_commands:/home/fred/mobile_robotics/assignments/assignment2/install/turtlebot3_teleop/lib/python3.10/site-packages:${PYTHONPATH} /usr/bin/python3 -W ignore:setup.py install is deprecated -W ignore:easy_install command is deprecated setup.py develop --editable --build-directory /home/fred/mobile_robotics/assignments/assignment2/build/turtlebot3_teleop/build --no-deps symlink_data
[0.694s] running develop
[0.777s] running egg_info
[0.777s] creating turtlebot3_teleop.egg-info
[0.777s] writing turtlebot3_teleop.egg-info/PKG-INFO
[0.777s] writing dependency_links to turtlebot3_teleop.egg-info/dependency_links.txt
[0.777s] writing entry points to turtlebot3_teleop.egg-info/entry_points.txt
[0.777s] writing requirements to turtlebot3_teleop.egg-info/requires.txt
[0.777s] writing top-level names to turtlebot3_teleop.egg-info/top_level.txt
[0.778s] writing manifest file 'turtlebot3_teleop.egg-info/SOURCES.txt'
[0.779s] reading manifest file 'turtlebot3_teleop.egg-info/SOURCES.txt'
[0.779s] writing manifest file 'turtlebot3_teleop.egg-info/SOURCES.txt'
[0.780s] running build_ext
[0.780s] Creating /home/fred/mobile_robotics/assignments/assignment2/install/turtlebot3_teleop/lib/python3.10/site-packages/turtlebot3-teleop.egg-link (link to .)
[0.780s] Installing teleop_keyboard script to /home/fred/mobile_robotics/assignments/assignment2/install/turtlebot3_teleop/lib/turtlebot3_teleop
[0.781s] 
[0.781s] Installed /home/fred/mobile_robotics/assignments/assignment2/build/turtlebot3_teleop
[0.781s] running symlink_data
[0.781s] creating /home/fred/mobile_robotics/assignments/assignment2/install/turtlebot3_teleop/share/ament_index
[0.781s] creating /home/fred/mobile_robotics/assignments/assignment2/install/turtlebot3_teleop/share/ament_index/resource_index
[0.781s] creating /home/fred/mobile_robotics/assignments/assignment2/install/turtlebot3_teleop/share/ament_index/resource_index/packages
[0.781s] symbolically linking /home/fred/mobile_robotics/assignments/assignment2/build/turtlebot3_teleop/resource/turtlebot3_teleop -> /home/fred/mobile_robotics/assignments/assignment2/install/turtlebot3_teleop/share/ament_index/resource_index/packages
[0.781s] symbolically linking /home/fred/mobile_robotics/assignments/assignment2/build/turtlebot3_teleop/package.xml -> /home/fred/mobile_robotics/assignments/assignment2/install/turtlebot3_teleop/share/turtlebot3_teleop
[0.810s] Invoked command in '/home/fred/mobile_robotics/assignments/assignment2/build/turtlebot3_teleop' returned '0': PYTHONPATH=/home/fred/mobile_robotics/assignments/assignment2/build/turtlebot3_teleop/prefix_override:/usr/lib/python3/dist-packages/colcon_core/task/python/colcon_distutils_commands:/home/fred/mobile_robotics/assignments/assignment2/install/turtlebot3_teleop/lib/python3.10/site-packages:${PYTHONPATH} /usr/bin/python3 -W ignore:setup.py install is deprecated -W ignore:easy_install command is deprecated setup.py develop --editable --build-directory /home/fred/mobile_robotics/assignments/assignment2/build/turtlebot3_teleop/build --no-deps symlink_data
